    {
      "row_id": 1619,
      "AccountName": "SYSTEM",
      "AccountType": "User",
      "Channel": "Microsoft-Windows-Sysmon/Operational",
      "Domain": "NT AUTHORITY",
      "EventID": 8,
      "EventReceivedTime": "2020-08-07 14:32:46",
      "EventTime": "2020-08-07 14:32:45",
      "EventType": "INFO",
      "ExecutionProcessID": 3284,
      "Hostname": "WORKSTATION5.theshire.local",
      "Keywords": -9223372036854775808,
      "Message": "CreateRemoteThread detected:\r\nRuleName: -\r\nUtcTime: 2020-08-07 18:32:45.048\r\nSourceProcessGuid: {297bc33e-9de2-5f2d-2208-000000000400}\r\nSourceProcessId: 6008\r\nSourceImage: C:\\Windows\\System32\\WindowsPowerShell\\v1.0\\powershell.exe\r\nTargetProcessGuid: {297bc33e-9db9-5f2d-1a08-000000000400}\r\nTargetProcessId: 2576\r\nTargetImage: C:\\Windows\\System32\\notepad.exe\r\nNewThreadId: 6252\r\nStartAddress: 0x000002AF644E0000\r\nStartModule: -\r\nStartFunction: -",
      "NewThreadId": "6252",
      "OpcodeValue": 0,
      "OriginalLogfile": "empire_psinject_PEinjection_2020-08-07143205.json",
      "ProcessId": "6008",
      "ProviderGuid": "{5770385F-C22A-43E0-BF4C-06F5698FFBD9}",
      "RecordNumber": 766656,
      "RuleName": "-",
      "Severity": "INFO",
      "SeverityValue": 2,
      "SourceImage": "C:\\Windows\\System32\\WindowsPowerShell\\v1.0\\powershell.exe",
      "SourceModuleName": "eventlog",
      "SourceModuleType": "im_msvistalog",
      "SourceName": "Microsoft-Windows-Sysmon",
      "SourceProcessId": "6008",
      "StartAddress": "0x000002AF644E0000",
      "StartFunction": "-",
      "StartModule": "-",
      "TargetImage": "C:\\Windows\\System32\\notepad.exe",
      "TargetProcessId": "2576",
      "Task": 8,
      "ThreadID": 4364,
      "UserID": "S-1-5-18",
      "UtcTime": "2020-08-07 18:32:45.048",
      "Version": "2",
      "host": "wec.internal.cloudapp.net",
      "port": 60122,
      "tags": "['mordorDataset']",
      "timestamp": "2020-08-07T18:32:46.114Z"
    },
    {
      "row_id": 1621,
      "AccountName": "SYSTEM",
      "AccountType": "User",
      "Channel": "Microsoft-Windows-Sysmon/Operational",
      "Domain": "NT AUTHORITY",
      "EventID": 8,
      "EventReceivedTime": "2020-08-07 14:32:46",
      "EventTime": "2020-08-07 14:32:45",
      "EventType": "INFO",
      "ExecutionProcessID": 3284,
      "Hostname": "WORKSTATION5.theshire.local",
      "Keywords": -9223372036854775808,
      "Message": "CreateRemoteThread detected:\r\nRuleName: -\r\nUtcTime: 2020-08-07 18:32:45.064\r\nSourceProcessGuid: {297bc33e-9de2-5f2d-2208-000000000400}\r\nSourceProcessId: 6008\r\nSourceImage: C:\\Windows\\System32\\WindowsPowerShell\\v1.0\\powershell.exe\r\nTargetProcessGuid: {297bc33e-9db9-5f2d-1a08-000000000400}\r\nTargetProcessId: 2576\r\nTargetImage: C:\\Windows\\System32\\notepad.exe\r\nNewThreadId: 9020\r\nStartAddress: 0x000002AF644E0000\r\nStartModule: -\r\nStartFunction: -",
      "NewThreadId": "9020",
      "OpcodeValue": 0,
      "OriginalLogfile": "empire_psinject_PEinjection_2020-08-07143205.json",
      "ProcessId": "6008",
      "ProviderGuid": "{5770385F-C22A-43E0-BF4C-06F5698FFBD9}",
      "RecordNumber": 766657,
      "RuleName": "-",
      "Severity": "INFO",
      "SeverityValue": 2,
      "SourceImage": "C:\\Windows\\System32\\WindowsPowerShell\\v1.0\\powershell.exe",
      "SourceModuleName": "eventlog",
      "SourceModuleType": "im_msvistalog",
      "SourceName": "Microsoft-Windows-Sysmon",
      "SourceProcessId": "6008",
      "StartAddress": "0x000002AF644E0000",
      "StartFunction": "-",
      "StartModule": "-",
      "TargetImage": "C:\\Windows\\System32\\notepad.exe",
      "TargetProcessId": "2576",
      "Task": 8,
      "ThreadID": 4364,
      "UserID": "S-1-5-18",
      "UtcTime": "2020-08-07 18:32:45.064",
      "Version": "2",
      "host": "wec.internal.cloudapp.net",
      "port": 60122,
      "tags": "['mordorDataset']",
      "timestamp": "2020-08-07T18:32:46.115Z"
    },
    {
      "row_id": 1624,
      "AccountName": "SYSTEM",
      "AccountType": "User",
      "Channel": "Microsoft-Windows-Sysmon/Operational",
      "Domain": "NT AUTHORITY",
      "EventID": 8,
      "EventReceivedTime": "2020-08-07 14:32:46",
      "EventTime": "2020-08-07 14:32:45",
      "EventType": "INFO",
      "ExecutionProcessID": 3284,
      "Hostname": "WORKSTATION5.theshire.local",
      "Keywords": -9223372036854775808,
      "Message": "CreateRemoteThread detected:\r\nRuleName: -\r\nUtcTime: 2020-08-07 18:32:45.080\r\nSourceProcessGuid: {297bc33e-9de2-5f2d-2208-000000000400}\r\nSourceProcessId: 6008\r\nSourceImage: C:\\Windows\\System32\\WindowsPowerShell\\v1.0\\powershell.exe\r\nTargetProcessGuid: {297bc33e-9db9-5f2d-1a08-000000000400}\r\nTargetProcessId: 2576\r\nTargetImage: C:\\Windows\\System32\\notepad.exe\r\nNewThreadId: 4016\r\nStartAddress: 0x000002AF644E0000\r\nStartModule: -\r\nStartFunction: -",
      "NewThreadId": "4016",
      "OpcodeValue": 0,
      "OriginalLogfile": "empire_psinject_PEinjection_2020-08-07143205.json",
      "ProcessId": "6008",
      "ProviderGuid": "{5770385F-C22A-43E0-BF4C-06F5698FFBD9}",
      "RecordNumber": 766658,
      "RuleName": "-",
      "Severity": "INFO",
      "SeverityValue": 2,
      "SourceImage": "C:\\Windows\\System32\\WindowsPowerShell\\v1.0\\powershell.exe",
      "SourceModuleName": "eventlog",
      "SourceModuleType": "im_msvistalog",
      "SourceName": "Microsoft-Windows-Sysmon",
      "SourceProcessId": "6008",
      "StartAddress": "0x000002AF644E0000",
      "StartFunction": "-",
      "StartModule": "-",
      "TargetImage": "C:\\Windows\\System32\\notepad.exe",
      "TargetProcessId": "2576",
      "Task": 8,
      "ThreadID": 4364,
      "UserID": "S-1-5-18",
      "UtcTime": "2020-08-07 18:32:45.080",
      "Version": "2",
      "host": "wec.internal.cloudapp.net",
      "port": 60122,
      "tags": "['mordorDataset']",
      "timestamp": "2020-08-07T18:32:46.116Z"
    },
    {
      "row_id": 1627,
      "AccountName": "SYSTEM",
      "AccountType": "User",
      "Channel": "Microsoft-Windows-Sysmon/Operational",
      "Domain": "NT AUTHORITY",
      "EventID": 8,
      "EventReceivedTime": "2020-08-07 14:32:46",
      "EventTime": "2020-08-07 14:32:45",
      "EventType": "INFO",
      "ExecutionProcessID": 3284,
      "Hostname": "WORKSTATION5.theshire.local",
      "Keywords": -9223372036854775808,
      "Message": "CreateRemoteThread detected:\r\nRuleName: -\r\nUtcTime: 2020-08-07 18:32:45.095\r\nSourceProcessGuid: {297bc33e-9de2-5f2d-2208-000000000400}\r\nSourceProcessId: 6008\r\nSourceImage: C:\\Windows\\System32\\WindowsPowerShell\\v1.0\\powershell.exe\r\nTargetProcessGuid: {297bc33e-9db9-5f2d-1a08-000000000400}\r\nTargetProcessId: 2576\r\nTargetImage: C:\\Windows\\System32\\notepad.exe\r\nNewThreadId: 9028\r\nStartAddress: 0x000002AF644E0000\r\nStartModule: -\r\nStartFunction: -",
      "NewThreadId": "9028",
      "OpcodeValue": 0,
      "OriginalLogfile": "empire_psinject_PEinjection_2020-08-07143205.json",
      "ProcessId": "6008",
      "ProviderGuid": "{5770385F-C22A-43E0-BF4C-06F5698FFBD9}",
      "RecordNumber": 766659,
      "RuleName": "-",
      "Severity": "INFO",
      "SeverityValue": 2,
      "SourceImage": "C:\\Windows\\System32\\WindowsPowerShell\\v1.0\\powershell.exe",
      "SourceModuleName": "eventlog",
      "SourceModuleType": "im_msvistalog",
      "SourceName": "Microsoft-Windows-Sysmon",
      "SourceProcessId": "6008",
      "StartAddress": "0x000002AF644E0000",
      "StartFunction": "-",
      "StartModule": "-",
      "TargetImage": "C:\\Windows\\System32\\notepad.exe",
      "TargetProcessId": "2576",
      "Task": 8,
      "ThreadID": 4364,
      "UserID": "S-1-5-18",
      "UtcTime": "2020-08-07 18:32:45.095",
      "Version": "2",
      "host": "wec.internal.cloudapp.net",
      "port": 60122,
      "tags": "['mordorDataset']",
      "timestamp": "2020-08-07T18:32:46.118Z"
    },
    {
      "row_id": 1630,
      "AccountName": "SYSTEM",
      "AccountType": "User",
      "Channel": "Microsoft-Windows-Sysmon/Operational",
      "Domain": "NT AUTHORITY",
      "EventID": 8,
      "EventReceivedTime": "2020-08-07 14:32:46",
      "EventTime": "2020-08-07 14:32:45",
      "EventType": "INFO",
      "ExecutionProcessID": 3284,
      "Hostname": "WORKSTATION5.theshire.local",
      "Keywords": -9223372036854775808,
      "Message": "CreateRemoteThread detected:\r\nRuleName: -\r\nUtcTime: 2020-08-07 18:32:45.095\r\nSourceProcessGuid: {297bc33e-9de2-5f2d-2208-000000000400}\r\nSourceProcessId: 6008\r\nSourceImage: C:\\Windows\\System32\\WindowsPowerShell\\v1.0\\powershell.exe\r\nTargetProcessGuid: {297bc33e-9db9-5f2d-1a08-000000000400}\r\nTargetProcessId: 2576\r\nTargetImage: C:\\Windows\\System32\\notepad.exe\r\nNewThreadId: 4772\r\nStartAddress: 0x000002AF644E0000\r\nStartModule: -\r\nStartFunction: -",
      "NewThreadId": "4772",
      "OpcodeValue": 0,
      "OriginalLogfile": "empire_psinject_PEinjection_2020-08-07143205.json",
      "ProcessId": "6008",
      "ProviderGuid": "{5770385F-C22A-43E0-BF4C-06F5698FFBD9}",
      "RecordNumber": 766660,
      "RuleName": "-",
      "Severity": "INFO",
      "SeverityValue": 2,
      "SourceImage": "C:\\Windows\\System32\\WindowsPowerShell\\v1.0\\powershell.exe",
      "SourceModuleName": "eventlog",
      "SourceModuleType": "im_msvistalog",
      "SourceName": "Microsoft-Windows-Sysmon",
      "SourceProcessId": "6008",
      "StartAddress": "0x000002AF644E0000",
      "StartFunction": "-",
      "StartModule": "-",
      "TargetImage": "C:\\Windows\\System32\\notepad.exe",
      "TargetProcessId": "2576",
      "Task": 8,
      "ThreadID": 4364,
      "UserID": "S-1-5-18",
      "UtcTime": "2020-08-07 18:32:45.095",
      "Version": "2",
      "host": "wec.internal.cloudapp.net",
      "port": 60122,
      "tags": "['mordorDataset']",
      "timestamp": "2020-08-07T18:32:46.119Z"
    },
    {
      "row_id": 1632,
      "AccountName": "SYSTEM",
      "AccountType": "User",
      "Channel": "Microsoft-Windows-Sysmon/Operational",
      "Domain": "NT AUTHORITY",
      "EventID": 8,
      "EventReceivedTime": "2020-08-07 14:32:46",
      "EventTime": "2020-08-07 14:32:45",
      "EventType": "INFO",
      "ExecutionProcessID": 3284,
      "Hostname": "WORKSTATION5.theshire.local",
      "Keywords": -9223372036854775808,
      "Message": "CreateRemoteThread detected:\r\nRuleName: -\r\nUtcTime: 2020-08-07 18:32:45.111\r\nSourceProcessGuid: {297bc33e-9de2-5f2d-2208-000000000400}\r\nSourceProcessId: 6008\r\nSourceImage: C:\\Windows\\System32\\WindowsPowerShell\\v1.0\\powershell.exe\r\nTargetProcessGuid: {297bc33e-9db9-5f2d-1a08-000000000400}\r\nTargetProcessId: 2576\r\nTargetImage: C:\\Windows\\System32\\notepad.exe\r\nNewThreadId: 5912\r\nStartAddress: 0x000002AF644E0000\r\nStartModule: -\r\nStartFunction: -",
      "NewThreadId": "5912",
      "OpcodeValue": 0,
      "OriginalLogfile": "empire_psinject_PEinjection_2020-08-07143205.json",
      "ProcessId": "6008",
      "ProviderGuid": "{5770385F-C22A-43E0-BF4C-06F5698FFBD9}",
      "RecordNumber": 766661,
      "RuleName": "-",
      "Severity": "INFO",
      "SeverityValue": 2,
      "SourceImage": "C:\\Windows\\System32\\WindowsPowerShell\\v1.0\\powershell.exe",
      "SourceModuleName": "eventlog",
      "SourceModuleType": "im_msvistalog",
      "SourceName": "Microsoft-Windows-Sysmon",
      "SourceProcessId": "6008",
      "StartAddress": "0x000002AF644E0000",
      "StartFunction": "-",
      "StartModule": "-",
      "TargetImage": "C:\\Windows\\System32\\notepad.exe",
      "TargetProcessId": "2576",
      "Task": 8,
      "ThreadID": 4364,
      "UserID": "S-1-5-18",
      "UtcTime": "2020-08-07 18:32:45.111",
      "Version": "2",
      "host": "wec.internal.cloudapp.net",
      "port": 60122,
      "tags": "['mordorDataset']",
      "timestamp": "2020-08-07T18:32:46.120Z"
    },
    {
      "row_id": 1634,
      "AccountName": "SYSTEM",
      "AccountType": "User",
      "Channel": "Microsoft-Windows-Sysmon/Operational",
      "Domain": "NT AUTHORITY",
      "EventID": 8,
      "EventReceivedTime": "2020-08-07 14:32:46",
      "EventTime": "2020-08-07 14:32:45",
      "EventType": "INFO",
      "ExecutionProcessID": 3284,
      "Hostname": "WORKSTATION5.theshire.local",
      "Keywords": -9223372036854775808,
      "Message": "CreateRemoteThread detected:\r\nRuleName: -\r\nUtcTime: 2020-08-07 18:32:45.126\r\nSourceProcessGuid: {297bc33e-9de2-5f2d-2208-000000000400}\r\nSourceProcessId: 6008\r\nSourceImage: C:\\Windows\\System32\\WindowsPowerShell\\v1.0\\powershell.exe\r\nTargetProcessGuid: {297bc33e-9db9-5f2d-1a08-000000000400}\r\nTargetProcessId: 2576\r\nTargetImage: C:\\Windows\\System32\\notepad.exe\r\nNewThreadId: 7268\r\nStartAddress: 0x000002AF644E0000\r\nStartModule: -\r\nStartFunction: -",
      "NewThreadId": "7268",
      "OpcodeValue": 0,
      "OriginalLogfile": "empire_psinject_PEinjection_2020-08-07143205.json",
      "ProcessId": "6008",
      "ProviderGuid": "{5770385F-C22A-43E0-BF4C-06F5698FFBD9}",
      "RecordNumber": 766662,
      "RuleName": "-",
      "Severity": "INFO",
      "SeverityValue": 2,
      "SourceImage": "C:\\Windows\\System32\\WindowsPowerShell\\v1.0\\powershell.exe",
      "SourceModuleName": "eventlog",
      "SourceModuleType": "im_msvistalog",
      "SourceName": "Microsoft-Windows-Sysmon",
      "SourceProcessId": "6008",
      "StartAddress": "0x000002AF644E0000",
      "StartFunction": "-",
      "StartModule": "-",
      "TargetImage": "C:\\Windows\\System32\\notepad.exe",
      "TargetProcessId": "2576",
      "Task": 8,
      "ThreadID": 4364,
      "UserID": "S-1-5-18",
      "UtcTime": "2020-08-07 18:32:45.126",
      "Version": "2",
      "host": "wec.internal.cloudapp.net",
      "port": 60122,
      "tags": "['mordorDataset']",
      "timestamp": "2020-08-07T18:32:46.126Z"
    },
    {
      "row_id": 1638,
      "AccountName": "SYSTEM",
      "AccountType": "User",
      "Channel": "Microsoft-Windows-Sysmon/Operational",
      "Domain": "NT AUTHORITY",
      "EventID": 8,
      "EventReceivedTime": "2020-08-07 14:32:46",
      "EventTime": "2020-08-07 14:32:45",
      "EventType": "INFO",
      "ExecutionProcessID": 3284,
      "Hostname": "WORKSTATION5.theshire.local",
      "Keywords": -9223372036854775808,
      "Message": "CreateRemoteThread detected:\r\nRuleName: -\r\nUtcTime: 2020-08-07 18:32:45.142\r\nSourceProcessGuid: {297bc33e-9de2-5f2d-2208-000000000400}\r\nSourceProcessId: 6008\r\nSourceImage: C:\\Windows\\System32\\WindowsPowerShell\\v1.0\\powershell.exe\r\nTargetProcessGuid: {297bc33e-9db9-5f2d-1a08-000000000400}\r\nTargetProcessId: 2576\r\nTargetImage: C:\\Windows\\System32\\notepad.exe\r\nNewThreadId: 8376\r\nStartAddress: 0x000002AF644E0000\r\nStartModule: -\r\nStartFunction: -",
      "NewThreadId": "8376",
      "OpcodeValue": 0,
      "OriginalLogfile": "empire_psinject_PEinjection_2020-08-07143205.json",
      "ProcessId": "6008",
      "ProviderGuid": "{5770385F-C22A-43E0-BF4C-06F5698FFBD9}",
      "RecordNumber": 766663,
      "RuleName": "-",
      "Severity": "INFO",
      "SeverityValue": 2,
      "SourceImage": "C:\\Windows\\System32\\WindowsPowerShell\\v1.0\\powershell.exe",
      "SourceModuleName": "eventlog",
      "SourceModuleType": "im_msvistalog",
      "SourceName": "Microsoft-Windows-Sysmon",
      "SourceProcessId": "6008",
      "StartAddress": "0x000002AF644E0000",
      "StartFunction": "-",
      "StartModule": "-",
      "TargetImage": "C:\\Windows\\System32\\notepad.exe",
      "TargetProcessId": "2576",
      "Task": 8,
      "ThreadID": 4364,
      "UserID": "S-1-5-18",
      "UtcTime": "2020-08-07 18:32:45.142",
      "Version": "2",
      "host": "wec.internal.cloudapp.net",
      "port": 60122,
      "tags": "['mordorDataset']",
      "timestamp": "2020-08-07T18:32:46.128Z"
    },
    {
      "row_id": 1641,
      "AccountName": "SYSTEM",
      "AccountType": "User",
      "Channel": "Microsoft-Windows-Sysmon/Operational",
      "Domain": "NT AUTHORITY",
      "EventID": 8,
      "EventReceivedTime": "2020-08-07 14:32:46",
      "EventTime": "2020-08-07 14:32:45",
      "EventType": "INFO",
      "ExecutionProcessID": 3284,
      "Hostname": "WORKSTATION5.theshire.local",
      "Keywords": -9223372036854775808,
      "Message": "CreateRemoteThread detected:\r\nRuleName: -\r\nUtcTime: 2020-08-07 18:32:45.158\r\nSourceProcessGuid: {297bc33e-9de2-5f2d-2208-000000000400}\r\nSourceProcessId: 6008\r\nSourceImage: C:\\Windows\\System32\\WindowsPowerShell\\v1.0\\powershell.exe\r\nTargetProcessGuid: {297bc33e-9db9-5f2d-1a08-000000000400}\r\nTargetProcessId: 2576\r\nTargetImage: C:\\Windows\\System32\\notepad.exe\r\nNewThreadId: 5320\r\nStartAddress: 0x000002AF644E0000\r\nStartModule: -\r\nStartFunction: -",
      "NewThreadId": "5320",
      "OpcodeValue": 0,
      "OriginalLogfile": "empire_psinject_PEinjection_2020-08-07143205.json",
      "ProcessId": "6008",
      "ProviderGuid": "{5770385F-C22A-43E0-BF4C-06F5698FFBD9}",
      "RecordNumber": 766664,
      "RuleName": "-",
      "Severity": "INFO",
      "SeverityValue": 2,
      "SourceImage": "C:\\Windows\\System32\\WindowsPowerShell\\v1.0\\powershell.exe",
      "SourceModuleName": "eventlog",
      "SourceModuleType": "im_msvistalog",
      "SourceName": "Microsoft-Windows-Sysmon",
      "SourceProcessId": "6008",
      "StartAddress": "0x000002AF644E0000",
      "StartFunction": "-",
      "StartModule": "-",
      "TargetImage": "C:\\Windows\\System32\\notepad.exe",
      "TargetProcessId": "2576",
      "Task": 8,
      "ThreadID": 4364,
      "UserID": "S-1-5-18",
      "UtcTime": "2020-08-07 18:32:45.158",
      "Version": "2",
      "host": "wec.internal.cloudapp.net",
      "port": 60122,
      "tags": "['mordorDataset']",
      "timestamp": "2020-08-07T18:32:46.130Z"
    },
    {
      "row_id": 1644,
      "AccountName": "SYSTEM",
      "AccountType": "User",
      "Channel": "Microsoft-Windows-Sysmon/Operational",
      "Domain": "NT AUTHORITY",
      "EventID": 8,
      "EventReceivedTime": "2020-08-07 14:32:46",
      "EventTime": "2020-08-07 14:32:45",
      "EventType": "INFO",
      "ExecutionProcessID": 3284,
      "Hostname": "WORKSTATION5.theshire.local",
      "Keywords": -9223372036854775808,
      "Message": "CreateRemoteThread detected:\r\nRuleName: -\r\nUtcTime: 2020-08-07 18:32:45.173\r\nSourceProcessGuid: {297bc33e-9de2-5f2d-2208-000000000400}\r\nSourceProcessId: 6008\r\nSourceImage: C:\\Windows\\System32\\WindowsPowerShell\\v1.0\\powershell.exe\r\nTargetProcessGuid: {297bc33e-9db9-5f2d-1a08-000000000400}\r\nTargetProcessId: 2576\r\nTargetImage: C:\\Windows\\System32\\notepad.exe\r\nNewThreadId: 7044\r\nStartAddress: 0x000002AF644E0000\r\nStartModule: -\r\nStartFunction: -",
      "NewThreadId": "7044",
      "OpcodeValue": 0,
      "OriginalLogfile": "empire_psinject_PEinjection_2020-08-07143205.json",
      "ProcessId": "6008",
      "ProviderGuid": "{5770385F-C22A-43E0-BF4C-06F5698FFBD9}",
      "RecordNumber": 766665,
      "RuleName": "-",
      "Severity": "INFO",
      "SeverityValue": 2,
      "SourceImage": "C:\\Windows\\System32\\WindowsPowerShell\\v1.0\\powershell.exe",
      "SourceModuleName": "eventlog",
      "SourceModuleType": "im_msvistalog",
      "SourceName": "Microsoft-Windows-Sysmon",
      "SourceProcessId": "6008",
      "StartAddress": "0x000002AF644E0000",
      "StartFunction": "-",
      "StartModule": "-",
      "TargetImage": "C:\\Windows\\System32\\notepad.exe",
      "TargetProcessId": "2576",
      "Task": 8,
      "ThreadID": 4364,
      "UserID": "S-1-5-18",
      "UtcTime": "2020-08-07 18:32:45.173",
      "Version": "2",
      "host": "wec.internal.cloudapp.net",
      "port": 60122,
      "tags": "['mordorDataset']",
      "timestamp": "2020-08-07T18:32:46.131Z"
    },
    {
      "row_id": 1647,
      "AccountName": "SYSTEM",
      "AccountType": "User",
      "Channel": "Microsoft-Windows-Sysmon/Operational",
      "Domain": "NT AUTHORITY",
      "EventID": 8,
      "EventReceivedTime": "2020-08-07 14:32:46",
      "EventTime": "2020-08-07 14:32:45",
      "EventType": "INFO",
      "ExecutionProcessID": 3284,
      "Hostname": "WORKSTATION5.theshire.local",
      "Keywords": -9223372036854775808,
      "Message": "CreateRemoteThread detected:\r\nRuleName: -\r\nUtcTime: 2020-08-07 18:32:45.189\r\nSourceProcessGuid: {297bc33e-9de2-5f2d-2208-000000000400}\r\nSourceProcessId: 6008\r\nSourceImage: C:\\Windows\\System32\\WindowsPowerShell\\v1.0\\powershell.exe\r\nTargetProcessGuid: {297bc33e-9db9-5f2d-1a08-000000000400}\r\nTargetProcessId: 2576\r\nTargetImage: C:\\Windows\\System32\\notepad.exe\r\nNewThreadId: 1456\r\nStartAddress: 0x000002AF644E0000\r\nStartModule: -\r\nStartFunction: -",
      "NewThreadId": "1456",
      "OpcodeValue": 0,
      "OriginalLogfile": "empire_psinject_PEinjection_2020-08-07143205.json",
      "ProcessId": "6008",
      "ProviderGuid": "{5770385F-C22A-43E0-BF4C-06F5698FFBD9}",
      "RecordNumber": 766666,
      "RuleName": "-",
      "Severity": "INFO",
      "SeverityValue": 2,
      "SourceImage": "C:\\Windows\\System32\\WindowsPowerShell\\v1.0\\powershell.exe",
      "SourceModuleName": "eventlog",
      "SourceModuleType": "im_msvistalog",
      "SourceName": "Microsoft-Windows-Sysmon",
      "SourceProcessId": "6008",
      "StartAddress": "0x000002AF644E0000",
      "StartFunction": "-",
      "StartModule": "-",
      "TargetImage": "C:\\Windows\\System32\\notepad.exe",
      "TargetProcessId": "2576",
      "Task": 8,
      "ThreadID": 4364,
      "UserID": "S-1-5-18",
      "UtcTime": "2020-08-07 18:32:45.189",
      "Version": "2",
      "host": "wec.internal.cloudapp.net",
      "port": 60122,
      "tags": "['mordorDataset']",
      "timestamp": "2020-08-07T18:32:46.133Z"
    },
    {
      "row_id": 1649,
      "AccountName": "SYSTEM",
      "AccountType": "User",
      "Channel": "Microsoft-Windows-Sysmon/Operational",
      "Domain": "NT AUTHORITY",
      "EventID": 8,
      "EventReceivedTime": "2020-08-07 14:32:46",
      "EventTime": "2020-08-07 14:32:45",
      "EventType": "INFO",
      "ExecutionProcessID": 3284,
      "Hostname": "WORKSTATION5.theshire.local",
      "Keywords": -9223372036854775808,
      "Message": "CreateRemoteThread detected:\r\nRuleName: -\r\nUtcTime: 2020-08-07 18:32:45.205\r\nSourceProcessGuid: {297bc33e-9de2-5f2d-2208-000000000400}\r\nSourceProcessId: 6008\r\nSourceImage: C:\\Windows\\System32\\WindowsPowerShell\\v1.0\\powershell.exe\r\nTargetProcessGuid: {297bc33e-9db9-5f2d-1a08-000000000400}\r\nTargetProcessId: 2576\r\nTargetImage: C:\\Windows\\System32\\notepad.exe\r\nNewThreadId: 8688\r\nStartAddress: 0x000002AF644E0000\r\nStartModule: -\r\nStartFunction: -",
      "NewThreadId": "8688",
      "OpcodeValue": 0,
      "OriginalLogfile": "empire_psinject_PEinjection_2020-08-07143205.json",
      "ProcessId": "6008",
      "ProviderGuid": "{5770385F-C22A-43E0-BF4C-06F5698FFBD9}",
      "RecordNumber": 766667,
      "RuleName": "-",
      "Severity": "INFO",
      "SeverityValue": 2,
      "SourceImage": "C:\\Windows\\System32\\WindowsPowerShell\\v1.0\\powershell.exe",
      "SourceModuleName": "eventlog",
      "SourceModuleType": "im_msvistalog",
      "SourceName": "Microsoft-Windows-Sysmon",
      "SourceProcessId": "6008",
      "StartAddress": "0x000002AF644E0000",
      "StartFunction": "-",
      "StartModule": "-",
      "TargetImage": "C:\\Windows\\System32\\notepad.exe",
      "TargetProcessId": "2576",
      "Task": 8,
      "ThreadID": 4364,
      "UserID": "S-1-5-18",
      "UtcTime": "2020-08-07 18:32:45.205",
      "Version": "2",
      "host": "wec.internal.cloudapp.net",
      "port": 60122,
      "tags": "['mordorDataset']",
      "timestamp": "2020-08-07T18:32:46.134Z"
    },
    {
      "row_id": 1651,
      "AccountName": "SYSTEM",
      "AccountType": "User",
      "Channel": "Microsoft-Windows-Sysmon/Operational",
      "Domain": "NT AUTHORITY",
      "EventID": 8,
      "EventReceivedTime": "2020-08-07 14:32:46",
      "EventTime": "2020-08-07 14:32:45",
      "EventType": "INFO",
      "ExecutionProcessID": 3284,
      "Hostname": "WORKSTATION5.theshire.local",
      "Keywords": -9223372036854775808,
      "Message": "CreateRemoteThread detected:\r\nRuleName: -\r\nUtcTime: 2020-08-07 18:32:45.205\r\nSourceProcessGuid: {297bc33e-9de2-5f2d-2208-000000000400}\r\nSourceProcessId: 6008\r\nSourceImage: C:\\Windows\\System32\\WindowsPowerShell\\v1.0\\powershell.exe\r\nTargetProcessGuid: {297bc33e-9db9-5f2d-1a08-000000000400}\r\nTargetProcessId: 2576\r\nTargetImage: C:\\Windows\\System32\\notepad.exe\r\nNewThreadId: 8776\r\nStartAddress: 0x000002AF644E0000\r\nStartModule: -\r\nStartFunction: -",
      "NewThreadId": "8776",
      "OpcodeValue": 0,
      "OriginalLogfile": "empire_psinject_PEinjection_2020-08-07143205.json",
      "ProcessId": "6008",
      "ProviderGuid": "{5770385F-C22A-43E0-BF4C-06F5698FFBD9}",
      "RecordNumber": 766668,
      "RuleName": "-",
      "Severity": "INFO",
      "SeverityValue": 2,
      "SourceImage": "C:\\Windows\\System32\\WindowsPowerShell\\v1.0\\powershell.exe",
      "SourceModuleName": "eventlog",
      "SourceModuleType": "im_msvistalog",
      "SourceName": "Microsoft-Windows-Sysmon",
      "SourceProcessId": "6008",
      "StartAddress": "0x000002AF644E0000",
      "StartFunction": "-",
      "StartModule": "-",
      "TargetImage": "C:\\Windows\\System32\\notepad.exe",
      "TargetProcessId": "2576",
      "Task": 8,
      "ThreadID": 4364,
      "UserID": "S-1-5-18",
      "UtcTime": "2020-08-07 18:32:45.205",
      "Version": "2",
      "host": "wec.internal.cloudapp.net",
      "port": 60122,
      "tags": "['mordorDataset']",
      "timestamp": "2020-08-07T18:32:46.135Z"
    },
    {
      "row_id": 1654,
      "AccountName": "SYSTEM",
      "AccountType": "User",
      "Channel": "Microsoft-Windows-Sysmon/Operational",
      "Domain": "NT AUTHORITY",
      "EventID": 8,
      "EventReceivedTime": "2020-08-07 14:32:46",
      "EventTime": "2020-08-07 14:32:45",
      "EventType": "INFO",
      "ExecutionProcessID": 3284,
      "Hostname": "WORKSTATION5.theshire.local",
      "Keywords": -9223372036854775808,
      "Message": "CreateRemoteThread detected:\r\nRuleName: -\r\nUtcTime: 2020-08-07 18:32:45.220\r\nSourceProcessGuid: {297bc33e-9de2-5f2d-2208-000000000400}\r\nSourceProcessId: 6008\r\nSourceImage: C:\\Windows\\System32\\WindowsPowerShell\\v1.0\\powershell.exe\r\nTargetProcessGuid: {297bc33e-9db9-5f2d-1a08-000000000400}\r\nTargetProcessId: 2576\r\nTargetImage: C:\\Windows\\System32\\notepad.exe\r\nNewThreadId: 2264\r\nStartAddress: 0x000002AF644E0000\r\nStartModule: -\r\nStartFunction: -",
      "NewThreadId": "2264",
      "OpcodeValue": 0,
      "OriginalLogfile": "empire_psinject_PEinjection_2020-08-07143205.json",
      "ProcessId": "6008",
      "ProviderGuid": "{5770385F-C22A-43E0-BF4C-06F5698FFBD9}",
      "RecordNumber": 766669,
      "RuleName": "-",
      "Severity": "INFO",
      "SeverityValue": 2,
      "SourceImage": "C:\\Windows\\System32\\WindowsPowerShell\\v1.0\\powershell.exe",
      "SourceModuleName": "eventlog",
      "SourceModuleType": "im_msvistalog",
      "SourceName": "Microsoft-Windows-Sysmon",
      "SourceProcessId": "6008",
      "StartAddress": "0x000002AF644E0000",
      "StartFunction": "-",
      "StartModule": "-",
      "TargetImage": "C:\\Windows\\System32\\notepad.exe",
      "TargetProcessId": "2576",
      "Task": 8,
      "ThreadID": 4364,
      "UserID": "S-1-5-18",
      "UtcTime": "2020-08-07 18:32:45.220",
      "Version": "2",
      "host": "wec.internal.cloudapp.net",
      "port": 60122,
      "tags": "['mordorDataset']",
      "timestamp": "2020-08-07T18:32:46.136Z"
    },
    {
      "row_id": 1656,
      "AccountName": "SYSTEM",
      "AccountType": "User",
      "Channel": "Microsoft-Windows-Sysmon/Operational",
      "Domain": "NT AUTHORITY",
      "EventID": 8,
      "EventReceivedTime": "2020-08-07 14:32:46",
      "EventTime": "2020-08-07 14:32:45",
      "EventType": "INFO",
      "ExecutionProcessID": 3284,
      "Hostname": "WORKSTATION5.theshire.local",
      "Keywords": -9223372036854775808,
      "Message": "CreateRemoteThread detected:\r\nRuleName: -\r\nUtcTime: 2020-08-07 18:32:45.220\r\nSourceProcessGuid: {297bc33e-9de2-5f2d-2208-000000000400}\r\nSourceProcessId: 6008\r\nSourceImage: C:\\Windows\\System32\\WindowsPowerShell\\v1.0\\powershell.exe\r\nTargetProcessGuid: {297bc33e-9db9-5f2d-1a08-000000000400}\r\nTargetProcessId: 2576\r\nTargetImage: C:\\Windows\\System32\\notepad.exe\r\nNewThreadId: 4816\r\nStartAddress: 0x000002AF644E0000\r\nStartModule: -\r\nStartFunction: -",
      "NewThreadId": "4816",
      "OpcodeValue": 0,
      "OriginalLogfile": "empire_psinject_PEinjection_2020-08-07143205.json",
      "ProcessId": "6008",
      "ProviderGuid": "{5770385F-C22A-43E0-BF4C-06F5698FFBD9}",
      "RecordNumber": 766670,
      "RuleName": "-",
      "Severity": "INFO",
      "SeverityValue": 2,
      "SourceImage": "C:\\Windows\\System32\\WindowsPowerShell\\v1.0\\powershell.exe",
      "SourceModuleName": "eventlog",
      "SourceModuleType": "im_msvistalog",
      "SourceName": "Microsoft-Windows-Sysmon",
      "SourceProcessId": "6008",
      "StartAddress": "0x000002AF644E0000",
      "StartFunction": "-",
      "StartModule": "-",
      "TargetImage": "C:\\Windows\\System32\\notepad.exe",
      "TargetProcessId": "2576",
      "Task": 8,
      "ThreadID": 4364,
      "UserID": "S-1-5-18",
      "UtcTime": "2020-08-07 18:32:45.220",
      "Version": "2",
      "host": "wec.internal.cloudapp.net",
      "port": 60122,
      "tags": "['mordorDataset']",
      "timestamp": "2020-08-07T18:32:46.137Z"
    },
    {
      "row_id": 1658,
      "AccountName": "SYSTEM",
      "AccountType": "User",
      "Channel": "Microsoft-Windows-Sysmon/Operational",
      "Domain": "NT AUTHORITY",
      "EventID": 8,
      "EventReceivedTime": "2020-08-07 14:32:46",
      "EventTime": "2020-08-07 14:32:45",
      "EventType": "INFO",
      "ExecutionProcessID": 3284,
      "Hostname": "WORKSTATION5.theshire.local",
      "Keywords": -9223372036854775808,
      "Message": "CreateRemoteThread detected:\r\nRuleName: -\r\nUtcTime: 2020-08-07 18:32:45.236\r\nSourceProcessGuid: {297bc33e-9de2-5f2d-2208-000000000400}\r\nSourceProcessId: 6008\r\nSourceImage: C:\\Windows\\System32\\WindowsPowerShell\\v1.0\\powershell.exe\r\nTargetProcessGuid: {297bc33e-9db9-5f2d-1a08-000000000400}\r\nTargetProcessId: 2576\r\nTargetImage: C:\\Windows\\System32\\notepad.exe\r\nNewThreadId: 7692\r\nStartAddress: 0x000002AF644E0000\r\nStartModule: -\r\nStartFunction: -",
      "NewThreadId": "7692",
      "OpcodeValue": 0,
      "OriginalLogfile": "empire_psinject_PEinjection_2020-08-07143205.json",
      "ProcessId": "6008",
      "ProviderGuid": "{5770385F-C22A-43E0-BF4C-06F5698FFBD9}",
      "RecordNumber": 766671,
      "RuleName": "-",
      "Severity": "INFO",
      "SeverityValue": 2,
      "SourceImage": "C:\\Windows\\System32\\WindowsPowerShell\\v1.0\\powershell.exe",
      "SourceModuleName": "eventlog",
      "SourceModuleType": "im_msvistalog",
      "SourceName": "Microsoft-Windows-Sysmon",
      "SourceProcessId": "6008",
      "StartAddress": "0x000002AF644E0000",
      "StartFunction": "-",
      "StartModule": "-",
      "TargetImage": "C:\\Windows\\System32\\notepad.exe",
      "TargetProcessId": "2576",
      "Task": 8,
      "ThreadID": 4364,
      "UserID": "S-1-5-18",
      "UtcTime": "2020-08-07 18:32:45.236",
      "Version": "2",
      "host": "wec.internal.cloudapp.net",
      "port": 60122,
      "tags": "['mordorDataset']",
      "timestamp": "2020-08-07T18:32:46.138Z"
    },
    {
      "row_id": 1660,
      "AccountName": "SYSTEM",
      "AccountType": "User",
      "Channel": "Microsoft-Windows-Sysmon/Operational",
      "Domain": "NT AUTHORITY",
      "EventID": 8,
      "EventReceivedTime": "2020-08-07 14:32:46",
      "EventTime": "2020-08-07 14:32:45",
      "EventType": "INFO",
      "ExecutionProcessID": 3284,
      "Hostname": "WORKSTATION5.theshire.local",
      "Keywords": -9223372036854775808,
      "Message": "CreateRemoteThread detected:\r\nRuleName: -\r\nUtcTime: 2020-08-07 18:32:45.251\r\nSourceProcessGuid: {297bc33e-9de2-5f2d-2208-000000000400}\r\nSourceProcessId: 6008\r\nSourceImage: C:\\Windows\\System32\\WindowsPowerShell\\v1.0\\powershell.exe\r\nTargetProcessGuid: {297bc33e-9db9-5f2d-1a08-000000000400}\r\nTargetProcessId: 2576\r\nTargetImage: C:\\Windows\\System32\\notepad.exe\r\nNewThreadId: 4716\r\nStartAddress: 0x000002AF644E0000\r\nStartModule: -\r\nStartFunction: -",
      "NewThreadId": "4716",
      "OpcodeValue": 0,
      "OriginalLogfile": "empire_psinject_PEinjection_2020-08-07143205.json",
      "ProcessId": "6008",
      "ProviderGuid": "{5770385F-C22A-43E0-BF4C-06F5698FFBD9}",
      "RecordNumber": 766672,
      "RuleName": "-",
      "Severity": "INFO",
      "SeverityValue": 2,
      "SourceImage": "C:\\Windows\\System32\\WindowsPowerShell\\v1.0\\powershell.exe",
      "SourceModuleName": "eventlog",
      "SourceModuleType": "im_msvistalog",
      "SourceName": "Microsoft-Windows-Sysmon",
      "SourceProcessId": "6008",
      "StartAddress": "0x000002AF644E0000",
      "StartFunction": "-",
      "StartModule": "-",
      "TargetImage": "C:\\Windows\\System32\\notepad.exe",
      "TargetProcessId": "2576",
      "Task": 8,
      "ThreadID": 4364,
      "UserID": "S-1-5-18",
      "UtcTime": "2020-08-07 18:32:45.251",
      "Version": "2",
      "host": "wec.internal.cloudapp.net",
      "port": 60122,
      "tags": "['mordorDataset']",
      "timestamp": "2020-08-07T18:32:46.138Z"
    },
    {
      "row_id": 1663,
      "AccountName": "SYSTEM",
      "AccountType": "User",
      "Channel": "Microsoft-Windows-Sysmon/Operational",
      "Domain": "NT AUTHORITY",
      "EventID": 8,
      "EventReceivedTime": "2020-08-07 14:32:46",
      "EventTime": "2020-08-07 14:32:45",
      "EventType": "INFO",
      "ExecutionProcessID": 3284,
      "Hostname": "WORKSTATION5.theshire.local",
      "Keywords": -9223372036854775808,
      "Message": "CreateRemoteThread detected:\r\nRuleName: -\r\nUtcTime: 2020-08-07 18:32:45.267\r\nSourceProcessGuid: {297bc33e-9de2-5f2d-2208-000000000400}\r\nSourceProcessId: 6008\r\nSourceImage: C:\\Windows\\System32\\WindowsPowerShell\\v1.0\\powershell.exe\r\nTargetProcessGuid: {297bc33e-9db9-5f2d-1a08-000000000400}\r\nTargetProcessId: 2576\r\nTargetImage: C:\\Windows\\System32\\notepad.exe\r\nNewThreadId: 5208\r\nStartAddress: 0x000002AF644E0000\r\nStartModule: -\r\nStartFunction: -",
      "NewThreadId": "5208",
      "OpcodeValue": 0,
      "OriginalLogfile": "empire_psinject_PEinjection_2020-08-07143205.json",
      "ProcessId": "6008",
      "ProviderGuid": "{5770385F-C22A-43E0-BF4C-06F5698FFBD9}",
      "RecordNumber": 766673,
      "RuleName": "-",
      "Severity": "INFO",
      "SeverityValue": 2,
      "SourceImage": "C:\\Windows\\System32\\WindowsPowerShell\\v1.0\\powershell.exe",
      "SourceModuleName": "eventlog",
      "SourceModuleType": "im_msvistalog",
      "SourceName": "Microsoft-Windows-Sysmon",
      "SourceProcessId": "6008",
      "StartAddress": "0x000002AF644E0000",
      "StartFunction": "-",
      "StartModule": "-",
      "TargetImage": "C:\\Windows\\System32\\notepad.exe",
      "TargetProcessId": "2576",
      "Task": 8,
      "ThreadID": 4364,
      "UserID": "S-1-5-18",
      "UtcTime": "2020-08-07 18:32:45.267",
      "Version": "2",
      "host": "wec.internal.cloudapp.net",
      "port": 60122,
      "tags": "['mordorDataset']",
      "timestamp": "2020-08-07T18:32:46.140Z"
    },
    {
      "row_id": 1666,
      "AccountName": "SYSTEM",
      "AccountType": "User",
      "Channel": "Microsoft-Windows-Sysmon/Operational",
      "Domain": "NT AUTHORITY",
      "EventID": 8,
      "EventReceivedTime": "2020-08-07 14:32:46",
      "EventTime": "2020-08-07 14:32:45",
      "EventType": "INFO",
      "ExecutionProcessID": 3284,
      "Hostname": "WORKSTATION5.theshire.local",
      "Keywords": -9223372036854775808,
      "Message": "CreateRemoteThread detected:\r\nRuleName: -\r\nUtcTime: 2020-08-07 18:32:45.267\r\nSourceProcessGuid: {297bc33e-9de2-5f2d-2208-000000000400}\r\nSourceProcessId: 6008\r\nSourceImage: C:\\Windows\\System32\\WindowsPowerShell\\v1.0\\powershell.exe\r\nTargetProcessGuid: {297bc33e-9db9-5f2d-1a08-000000000400}\r\nTargetProcessId: 2576\r\nTargetImage: C:\\Windows\\System32\\notepad.exe\r\nNewThreadId: 7160\r\nStartAddress: 0x000002AF644E0000\r\nStartModule: -\r\nStartFunction: -",
      "NewThreadId": "7160",
      "OpcodeValue": 0,
      "OriginalLogfile": "empire_psinject_PEinjection_2020-08-07143205.json",
      "ProcessId": "6008",
      "ProviderGuid": "{5770385F-C22A-43E0-BF4C-06F5698FFBD9}",
      "RecordNumber": 766674,
      "RuleName": "-",
      "Severity": "INFO",
      "SeverityValue": 2,
      "SourceImage": "C:\\Windows\\System32\\WindowsPowerShell\\v1.0\\powershell.exe",
      "SourceModuleName": "eventlog",
      "SourceModuleType": "im_msvistalog",
      "SourceName": "Microsoft-Windows-Sysmon",
      "SourceProcessId": "6008",
      "StartAddress": "0x000002AF644E0000",
      "StartFunction": "-",
      "StartModule": "-",
      "TargetImage": "C:\\Windows\\System32\\notepad.exe",
      "TargetProcessId": "2576",
      "Task": 8,
      "ThreadID": 4364,
      "UserID": "S-1-5-18",
      "UtcTime": "2020-08-07 18:32:45.267",
      "Version": "2",
      "host": "wec.internal.cloudapp.net",
      "port": 60122,
      "tags": "['mordorDataset']",
      "timestamp": "2020-08-07T18:32:46.147Z"
    },
    {
      "row_id": 1669,
      "AccountName": "SYSTEM",
      "AccountType": "User",
      "Channel": "Microsoft-Windows-Sysmon/Operational",
      "Domain": "NT AUTHORITY",
      "EventID": 8,
      "EventReceivedTime": "2020-08-07 14:32:46",
      "EventTime": "2020-08-07 14:32:45",
      "EventType": "INFO",
      "ExecutionProcessID": 3284,
      "Hostname": "WORKSTATION5.theshire.local",
      "Keywords": -9223372036854775808,
      "Message": "CreateRemoteThread detected:\r\nRuleName: -\r\nUtcTime: 2020-08-07 18:32:45.283\r\nSourceProcessGuid: {297bc33e-9de2-5f2d-2208-000000000400}\r\nSourceProcessId: 6008\r\nSourceImage: C:\\Windows\\System32\\WindowsPowerShell\\v1.0\\powershell.exe\r\nTargetProcessGuid: {297bc33e-9db9-5f2d-1a08-000000000400}\r\nTargetProcessId: 2576\r\nTargetImage: C:\\Windows\\System32\\notepad.exe\r\nNewThreadId: 8496\r\nStartAddress: 0x000002AF644E0000\r\nStartModule: -\r\nStartFunction: -",
      "NewThreadId": "8496",
      "OpcodeValue": 0,
      "OriginalLogfile": "empire_psinject_PEinjection_2020-08-07143205.json",
      "ProcessId": "6008",
      "ProviderGuid": "{5770385F-C22A-43E0-BF4C-06F5698FFBD9}",
      "RecordNumber": 766675,
      "RuleName": "-",
      "Severity": "INFO",
      "SeverityValue": 2,
      "SourceImage": "C:\\Windows\\System32\\WindowsPowerShell\\v1.0\\powershell.exe",
      "SourceModuleName": "eventlog",
      "SourceModuleType": "im_msvistalog",
      "SourceName": "Microsoft-Windows-Sysmon",
      "SourceProcessId": "6008",
      "StartAddress": "0x000002AF644E0000",
      "StartFunction": "-",
      "StartModule": "-",
      "TargetImage": "C:\\Windows\\System32\\notepad.exe",
      "TargetProcessId": "2576",
      "Task": 8,
      "ThreadID": 4364,
      "UserID": "S-1-5-18",
      "UtcTime": "2020-08-07 18:32:45.283",
      "Version": "2",
      "host": "wec.internal.cloudapp.net",
      "port": 60122,
      "tags": "['mordorDataset']",
      "timestamp": "2020-08-07T18:32:46.148Z"
    },
    {
      "row_id": 1673,
      "AccountName": "SYSTEM",
      "AccountType": "User",
      "Channel": "Microsoft-Windows-Sysmon/Operational",
      "Domain": "NT AUTHORITY",
      "EventID": 8,
      "EventReceivedTime": "2020-08-07 14:32:46",
      "EventTime": "2020-08-07 14:32:45",
      "EventType": "INFO",
      "ExecutionProcessID": 3284,
      "Hostname": "WORKSTATION5.theshire.local",
      "Keywords": -9223372036854775808,
      "Message": "CreateRemoteThread detected:\r\nRuleName: -\r\nUtcTime: 2020-08-07 18:32:45.283\r\nSourceProcessGuid: {297bc33e-9de2-5f2d-2208-000000000400}\r\nSourceProcessId: 6008\r\nSourceImage: C:\\Windows\\System32\\WindowsPowerShell\\v1.0\\powershell.exe\r\nTargetProcessGuid: {297bc33e-9db9-5f2d-1a08-000000000400}\r\nTargetProcessId: 2576\r\nTargetImage: C:\\Windows\\System32\\notepad.exe\r\nNewThreadId: 8600\r\nStartAddress: 0x000002AF644E0000\r\nStartModule: -\r\nStartFunction: -",
      "NewThreadId": "8600",
      "OpcodeValue": 0,
      "OriginalLogfile": "empire_psinject_PEinjection_2020-08-07143205.json",
      "ProcessId": "6008",
      "ProviderGuid": "{5770385F-C22A-43E0-BF4C-06F5698FFBD9}",
      "RecordNumber": 766676,
      "RuleName": "-",
      "Severity": "INFO",
      "SeverityValue": 2,
      "SourceImage": "C:\\Windows\\System32\\WindowsPowerShell\\v1.0\\powershell.exe",
      "SourceModuleName": "eventlog",
      "SourceModuleType": "im_msvistalog",
      "SourceName": "Microsoft-Windows-Sysmon",
      "SourceProcessId": "6008",
      "StartAddress": "0x000002AF644E0000",
      "StartFunction": "-",
      "StartModule": "-",
      "TargetImage": "C:\\Windows\\System32\\notepad.exe",
      "TargetProcessId": "2576",
      "Task": 8,
      "ThreadID": 4364,
      "UserID": "S-1-5-18",
      "UtcTime": "2020-08-07 18:32:45.283",
      "Version": "2",
      "host": "wec.internal.cloudapp.net",
      "port": 60122,
      "tags": "['mordorDataset']",
      "timestamp": "2020-08-07T18:32:46.151Z"
    },
    {
      "row_id": 1675,
      "AccountName": "SYSTEM",
      "AccountType": "User",
      "Channel": "Microsoft-Windows-Sysmon/Operational",
      "Domain": "NT AUTHORITY",
      "EventID": 8,
      "EventReceivedTime": "2020-08-07 14:32:46",
      "EventTime": "2020-08-07 14:32:45",
      "EventType": "INFO",
      "ExecutionProcessID": 3284,
      "Hostname": "WORKSTATION5.theshire.local",
      "Keywords": -9223372036854775808,
      "Message": "CreateRemoteThread detected:\r\nRuleName: -\r\nUtcTime: 2020-08-07 18:32:45.298\r\nSourceProcessGuid: {297bc33e-9de2-5f2d-2208-000000000400}\r\nSourceProcessId: 6008\r\nSourceImage: C:\\Windows\\System32\\WindowsPowerShell\\v1.0\\powershell.exe\r\nTargetProcessGuid: {297bc33e-9db9-5f2d-1a08-000000000400}\r\nTargetProcessId: 2576\r\nTargetImage: C:\\Windows\\System32\\notepad.exe\r\nNewThreadId: 4808\r\nStartAddress: 0x000002AF644E0000\r\nStartModule: -\r\nStartFunction: -",
      "NewThreadId": "4808",
      "OpcodeValue": 0,
      "OriginalLogfile": "empire_psinject_PEinjection_2020-08-07143205.json",
      "ProcessId": "6008",
      "ProviderGuid": "{5770385F-C22A-43E0-BF4C-06F5698FFBD9}",
      "RecordNumber": 766677,
      "RuleName": "-",
      "Severity": "INFO",
      "SeverityValue": 2,
      "SourceImage": "C:\\Windows\\System32\\WindowsPowerShell\\v1.0\\powershell.exe",
      "SourceModuleName": "eventlog",
      "SourceModuleType": "im_msvistalog",
      "SourceName": "Microsoft-Windows-Sysmon",
      "SourceProcessId": "6008",
      "StartAddress": "0x000002AF644E0000",
      "StartFunction": "-",
      "StartModule": "-",
      "TargetImage": "C:\\Windows\\System32\\notepad.exe",
      "TargetProcessId": "2576",
      "Task": 8,
      "ThreadID": 4364,
      "UserID": "S-1-5-18",
      "UtcTime": "2020-08-07 18:32:45.298",
      "Version": "2",
      "host": "wec.internal.cloudapp.net",
      "port": 60122,
      "tags": "['mordorDataset']",
      "timestamp": "2020-08-07T18:32:46.151Z"
    },
    {
      "row_id": 1677,
      "AccountName": "SYSTEM",
      "AccountType": "User",
      "Channel": "Microsoft-Windows-Sysmon/Operational",
      "Domain": "NT AUTHORITY",
      "EventID": 8,
      "EventReceivedTime": "2020-08-07 14:32:46",
      "EventTime": "2020-08-07 14:32:45",
      "EventType": "INFO",
      "ExecutionProcessID": 3284,
      "Hostname": "WORKSTATION5.theshire.local",
      "Keywords": -9223372036854775808,
      "Message": "CreateRemoteThread detected:\r\nRuleName: -\r\nUtcTime: 2020-08-07 18:32:45.298\r\nSourceProcessGuid: {297bc33e-9de2-5f2d-2208-000000000400}\r\nSourceProcessId: 6008\r\nSourceImage: C:\\Windows\\System32\\WindowsPowerShell\\v1.0\\powershell.exe\r\nTargetProcessGuid: {297bc33e-9db9-5f2d-1a08-000000000400}\r\nTargetProcessId: 2576\r\nTargetImage: C:\\Windows\\System32\\notepad.exe\r\nNewThreadId: 8076\r\nStartAddress: 0x000002AF644E0000\r\nStartModule: -\r\nStartFunction: -",
      "NewThreadId": "8076",
      "OpcodeValue": 0,
      "OriginalLogfile": "empire_psinject_PEinjection_2020-08-07143205.json",
      "ProcessId": "6008",
      "ProviderGuid": "{5770385F-C22A-43E0-BF4C-06F5698FFBD9}",
      "RecordNumber": 766678,
      "RuleName": "-",
      "Severity": "INFO",
      "SeverityValue": 2,
      "SourceImage": "C:\\Windows\\System32\\WindowsPowerShell\\v1.0\\powershell.exe",
      "SourceModuleName": "eventlog",
      "SourceModuleType": "im_msvistalog",
      "SourceName": "Microsoft-Windows-Sysmon",
      "SourceProcessId": "6008",
      "StartAddress": "0x000002AF644E0000",
      "StartFunction": "-",
      "StartModule": "-",
      "TargetImage": "C:\\Windows\\System32\\notepad.exe",
      "TargetProcessId": "2576",
      "Task": 8,
      "ThreadID": 4364,
      "UserID": "S-1-5-18",
      "UtcTime": "2020-08-07 18:32:45.298",
      "Version": "2",
      "host": "wec.internal.cloudapp.net",
      "port": 60122,
      "tags": "['mordorDataset']",
      "timestamp": "2020-08-07T18:32:46.152Z"
    },
    {
      "row_id": 1680,
      "AccountName": "SYSTEM",
      "AccountType": "User",
      "Channel": "Microsoft-Windows-Sysmon/Operational",
      "Domain": "NT AUTHORITY",
      "EventID": 8,
      "EventReceivedTime": "2020-08-07 14:32:46",
      "EventTime": "2020-08-07 14:32:45",
      "EventType": "INFO",
      "ExecutionProcessID": 3284,
      "Hostname": "WORKSTATION5.theshire.local",
      "Keywords": -9223372036854775808,
      "Message": "CreateRemoteThread detected:\r\nRuleName: -\r\nUtcTime: 2020-08-07 18:32:45.314\r\nSourceProcessGuid: {297bc33e-9de2-5f2d-2208-000000000400}\r\nSourceProcessId: 6008\r\nSourceImage: C:\\Windows\\System32\\WindowsPowerShell\\v1.0\\powershell.exe\r\nTargetProcessGuid: {297bc33e-9db9-5f2d-1a08-000000000400}\r\nTargetProcessId: 2576\r\nTargetImage: C:\\Windows\\System32\\notepad.exe\r\nNewThreadId: 9044\r\nStartAddress: 0x000002AF644E0000\r\nStartModule: -\r\nStartFunction: -",
      "NewThreadId": "9044",
      "OpcodeValue": 0,
      "OriginalLogfile": "empire_psinject_PEinjection_2020-08-07143205.json",
      "ProcessId": "6008",
      "ProviderGuid": "{5770385F-C22A-43E0-BF4C-06F5698FFBD9}",
      "RecordNumber": 766679,
      "RuleName": "-",
      "Severity": "INFO",
      "SeverityValue": 2,
      "SourceImage": "C:\\Windows\\System32\\WindowsPowerShell\\v1.0\\powershell.exe",
      "SourceModuleName": "eventlog",
      "SourceModuleType": "im_msvistalog",
      "SourceName": "Microsoft-Windows-Sysmon",
      "SourceProcessId": "6008",
      "StartAddress": "0x000002AF644E0000",
      "StartFunction": "-",
      "StartModule": "-",
      "TargetImage": "C:\\Windows\\System32\\notepad.exe",
      "TargetProcessId": "2576",
      "Task": 8,
      "ThreadID": 4364,
      "UserID": "S-1-5-18",
      "UtcTime": "2020-08-07 18:32:45.314",
      "Version": "2",
      "host": "wec.internal.cloudapp.net",
      "port": 60122,
      "tags": "['mordorDataset']",
      "timestamp": "2020-08-07T18:32:46.153Z"
    },
    {
      "row_id": 1682,
      "AccountName": "SYSTEM",
      "AccountType": "User",
      "Channel": "Microsoft-Windows-Sysmon/Operational",
      "Domain": "NT AUTHORITY",
      "EventID": 8,
      "EventReceivedTime": "2020-08-07 14:32:46",
      "EventTime": "2020-08-07 14:32:45",
      "EventType": "INFO",
      "ExecutionProcessID": 3284,
      "Hostname": "WORKSTATION5.theshire.local",
      "Keywords": -9223372036854775808,
      "Message": "CreateRemoteThread detected:\r\nRuleName: -\r\nUtcTime: 2020-08-07 18:32:45.314\r\nSourceProcessGuid: {297bc33e-9de2-5f2d-2208-000000000400}\r\nSourceProcessId: 6008\r\nSourceImage: C:\\Windows\\System32\\WindowsPowerShell\\v1.0\\powershell.exe\r\nTargetProcessGuid: {297bc33e-9db9-5f2d-1a08-000000000400}\r\nTargetProcessId: 2576\r\nTargetImage: C:\\Windows\\System32\\notepad.exe\r\nNewThreadId: 4532\r\nStartAddress: 0x000002AF644E0000\r\nStartModule: -\r\nStartFunction: -",
      "NewThreadId": "4532",
      "OpcodeValue": 0,
      "OriginalLogfile": "empire_psinject_PEinjection_2020-08-07143205.json",
      "ProcessId": "6008",
      "ProviderGuid": "{5770385F-C22A-43E0-BF4C-06F5698FFBD9}",
      "RecordNumber": 766680,
      "RuleName": "-",
      "Severity": "INFO",
      "SeverityValue": 2,
      "SourceImage": "C:\\Windows\\System32\\WindowsPowerShell\\v1.0\\powershell.exe",
      "SourceModuleName": "eventlog",
      "SourceModuleType": "im_msvistalog",
      "SourceName": "Microsoft-Windows-Sysmon",
      "SourceProcessId": "6008",
      "StartAddress": "0x000002AF644E0000",
      "StartFunction": "-",
      "StartModule": "-",
      "TargetImage": "C:\\Windows\\System32\\notepad.exe",
      "TargetProcessId": "2576",
      "Task": 8,
      "ThreadID": 4364,
      "UserID": "S-1-5-18",
      "UtcTime": "2020-08-07 18:32:45.314",
      "Version": "2",
      "host": "wec.internal.cloudapp.net",
      "port": 60122,
      "tags": "['mordorDataset']",
      "timestamp": "2020-08-07T18:32:46.155Z"
    },
