    {
      "row_id": 1767,
      "AccountName": "SYSTEM",
      "AccountType": "User",
      "Channel": "Microsoft-Windows-Sysmon/Operational",
      "Domain": "NT AUTHORITY",
      "EventID": 8,
      "EventReceivedTime": "2020-08-07 14:32:48",
      "EventTime": "2020-08-07 14:32:45",
      "EventType": "INFO",
      "ExecutionProcessID": 3284,
      "Hostname": "WORKSTATION5.theshire.local",
      "Keywords": -9223372036854775808,
      "Message": "CreateRemoteThread detected:\r\nRuleName: -\r\nUtcTime: 2020-08-07 18:32:45.486\r\nSourceProcessGuid: {297bc33e-9de2-5f2d-2208-000000000400}\r\nSourceProcessId: 6008\r\nSourceImage: C:\\Windows\\System32\\WindowsPowerShell\\v1.0\\powershell.exe\r\nTargetProcessGuid: {297bc33e-9db9-5f2d-1a08-000000000400}\r\nTargetProcessId: 2576\r\nTargetImage: C:\\Windows\\System32\\notepad.exe\r\nNewThreadId: 6556\r\nStartAddress: 0x000002AF644E0000\r\nStartModule: -\r\nStartFunction: -",
      "NewThreadId": "6556",
      "OpcodeValue": 0,
      "OriginalLogfile": "empire_psinject_PEinjection_2020-08-07143205.json",
      "ProcessId": "6008",
      "ProviderGuid": "{5770385F-C22A-43E0-BF4C-06F5698FFBD9}",
      "RecordNumber": 766707,
      "RuleName": "-",
      "Severity": "INFO",
      "SeverityValue": 2,
      "SourceImage": "C:\\Windows\\System32\\WindowsPowerShell\\v1.0\\powershell.exe",
      "SourceModuleName": "eventlog",
      "SourceModuleType": "im_msvistalog",
      "SourceName": "Microsoft-Windows-Sysmon",
      "SourceProcessId": "6008",
      "StartAddress": "0x000002AF644E0000",
      "StartFunction": "-",
      "StartModule": "-",
      "TargetImage": "C:\\Windows\\System32\\notepad.exe",
      "TargetProcessId": "2576",
      "Task": 8,
      "ThreadID": 4364,
      "UserID": "S-1-5-18",
      "UtcTime": "2020-08-07 18:32:45.486",
      "Version": "2",
      "host": "wec.internal.cloudapp.net",
      "port": 60122,
      "tags": "['mordorDataset']",
      "timestamp": "2020-08-07T18:32:48.960Z"
    },
    {
      "row_id": 1769,
      "AccountName": "SYSTEM",
      "AccountType": "User",
      "Channel": "Microsoft-Windows-Sysmon/Operational",
      "Domain": "NT AUTHORITY",
      "EventID": 8,
      "EventReceivedTime": "2020-08-07 14:32:48",
      "EventTime": "2020-08-07 14:32:45",
      "EventType": "INFO",
      "ExecutionProcessID": 3284,
      "Hostname": "WORKSTATION5.theshire.local",
      "Keywords": -9223372036854775808,
      "Message": "CreateRemoteThread detected:\r\nRuleName: -\r\nUtcTime: 2020-08-07 18:32:45.501\r\nSourceProcessGuid: {297bc33e-9de2-5f2d-2208-000000000400}\r\nSourceProcessId: 6008\r\nSourceImage: C:\\Windows\\System32\\WindowsPowerShell\\v1.0\\powershell.exe\r\nTargetProcessGuid: {297bc33e-9db9-5f2d-1a08-000000000400}\r\nTargetProcessId: 2576\r\nTargetImage: C:\\Windows\\System32\\notepad.exe\r\nNewThreadId: 9036\r\nStartAddress: 0x000002AF644E0000\r\nStartModule: -\r\nStartFunction: -",
      "NewThreadId": "9036",
      "OpcodeValue": 0,
      "OriginalLogfile": "empire_psinject_PEinjection_2020-08-07143205.json",
      "ProcessId": "6008",
      "ProviderGuid": "{5770385F-C22A-43E0-BF4C-06F5698FFBD9}",
      "RecordNumber": 766708,
      "RuleName": "-",
      "Severity": "INFO",
      "SeverityValue": 2,
      "SourceImage": "C:\\Windows\\System32\\WindowsPowerShell\\v1.0\\powershell.exe",
      "SourceModuleName": "eventlog",
      "SourceModuleType": "im_msvistalog",
      "SourceName": "Microsoft-Windows-Sysmon",
      "SourceProcessId": "6008",
      "StartAddress": "0x000002AF644E0000",
      "StartFunction": "-",
      "StartModule": "-",
      "TargetImage": "C:\\Windows\\System32\\notepad.exe",
      "TargetProcessId": "2576",
      "Task": 8,
      "ThreadID": 4364,
      "UserID": "S-1-5-18",
      "UtcTime": "2020-08-07 18:32:45.501",
      "Version": "2",
      "host": "wec.internal.cloudapp.net",
      "port": 60122,
      "tags": "['mordorDataset']",
      "timestamp": "2020-08-07T18:32:48.966Z"
    },
    {
      "row_id": 1773,
      "AccountName": "SYSTEM",
      "AccountType": "User",
      "Channel": "Microsoft-Windows-Sysmon/Operational",
      "Domain": "NT AUTHORITY",
      "EventID": 8,
      "EventReceivedTime": "2020-08-07 14:32:48",
      "EventTime": "2020-08-07 14:32:45",
      "EventType": "INFO",
      "ExecutionProcessID": 3284,
      "Hostname": "WORKSTATION5.theshire.local",
      "Keywords": -9223372036854775808,
      "Message": "CreateRemoteThread detected:\r\nRuleName: -\r\nUtcTime: 2020-08-07 18:32:45.501\r\nSourceProcessGuid: {297bc33e-9de2-5f2d-2208-000000000400}\r\nSourceProcessId: 6008\r\nSourceImage: C:\\Windows\\System32\\WindowsPowerShell\\v1.0\\powershell.exe\r\nTargetProcessGuid: {297bc33e-9db9-5f2d-1a08-000000000400}\r\nTargetProcessId: 2576\r\nTargetImage: C:\\Windows\\System32\\notepad.exe\r\nNewThreadId: 5436\r\nStartAddress: 0x000002AF644E0000\r\nStartModule: -\r\nStartFunction: -",
      "NewThreadId": "5436",
      "OpcodeValue": 0,
      "OriginalLogfile": "empire_psinject_PEinjection_2020-08-07143205.json",
      "ProcessId": "6008",
      "ProviderGuid": "{5770385F-C22A-43E0-BF4C-06F5698FFBD9}",
      "RecordNumber": 766709,
      "RuleName": "-",
      "Severity": "INFO",
      "SeverityValue": 2,
      "SourceImage": "C:\\Windows\\System32\\WindowsPowerShell\\v1.0\\powershell.exe",
      "SourceModuleName": "eventlog",
      "SourceModuleType": "im_msvistalog",
      "SourceName": "Microsoft-Windows-Sysmon",
      "SourceProcessId": "6008",
      "StartAddress": "0x000002AF644E0000",
      "StartFunction": "-",
      "StartModule": "-",
      "TargetImage": "C:\\Windows\\System32\\notepad.exe",
      "TargetProcessId": "2576",
      "Task": 8,
      "ThreadID": 4364,
      "UserID": "S-1-5-18",
      "UtcTime": "2020-08-07 18:32:45.501",
      "Version": "2",
      "host": "wec.internal.cloudapp.net",
      "port": 60122,
      "tags": "['mordorDataset']",
      "timestamp": "2020-08-07T18:32:48.968Z"
    },
    {
      "row_id": 1777,
      "AccountName": "SYSTEM",
      "AccountType": "User",
      "Channel": "Microsoft-Windows-Sysmon/Operational",
      "Domain": "NT AUTHORITY",
      "EventID": 8,
      "EventReceivedTime": "2020-08-07 14:32:48",
      "EventTime": "2020-08-07 14:32:45",
      "EventType": "INFO",
      "ExecutionProcessID": 3284,
      "Hostname": "WORKSTATION5.theshire.local",
      "Keywords": -9223372036854775808,
      "Message": "CreateRemoteThread detected:\r\nRuleName: -\r\nUtcTime: 2020-08-07 18:32:45.517\r\nSourceProcessGuid: {297bc33e-9de2-5f2d-2208-000000000400}\r\nSourceProcessId: 6008\r\nSourceImage: C:\\Windows\\System32\\WindowsPowerShell\\v1.0\\powershell.exe\r\nTargetProcessGuid: {297bc33e-9db9-5f2d-1a08-000000000400}\r\nTargetProcessId: 2576\r\nTargetImage: C:\\Windows\\System32\\notepad.exe\r\nNewThreadId: 4952\r\nStartAddress: 0x000002AF644D0000\r\nStartModule: -\r\nStartFunction: -",
      "NewThreadId": "4952",
      "OpcodeValue": 0,
      "OriginalLogfile": "empire_psinject_PEinjection_2020-08-07143205.json",
      "ProcessId": "6008",
      "ProviderGuid": "{5770385F-C22A-43E0-BF4C-06F5698FFBD9}",
      "RecordNumber": 766710,
      "RuleName": "-",
      "Severity": "INFO",
      "SeverityValue": 2,
      "SourceImage": "C:\\Windows\\System32\\WindowsPowerShell\\v1.0\\powershell.exe",
      "SourceModuleName": "eventlog",
      "SourceModuleType": "im_msvistalog",
      "SourceName": "Microsoft-Windows-Sysmon",
      "SourceProcessId": "6008",
      "StartAddress": "0x000002AF644D0000",
      "StartFunction": "-",
      "StartModule": "-",
      "TargetImage": "C:\\Windows\\System32\\notepad.exe",
      "TargetProcessId": "2576",
      "Task": 8,
      "ThreadID": 4364,
      "UserID": "S-1-5-18",
      "UtcTime": "2020-08-07 18:32:45.517",
      "Version": "2",
      "host": "wec.internal.cloudapp.net",
      "port": 60122,
      "tags": "['mordorDataset']",
      "timestamp": "2020-08-07T18:32:48.971Z"
    },
    {
      "row_id": 1781,
      "AccountName": "SYSTEM",
      "AccountType": "User",
      "Channel": "Microsoft-Windows-Sysmon/Operational",
      "Domain": "NT AUTHORITY",
      "EventID": 8,
      "EventReceivedTime": "2020-08-07 14:32:48",
      "EventTime": "2020-08-07 14:32:45",
      "EventType": "INFO",
      "ExecutionProcessID": 3284,
      "Hostname": "WORKSTATION5.theshire.local",
      "Keywords": -9223372036854775808,
      "Message": "CreateRemoteThread detected:\r\nRuleName: -\r\nUtcTime: 2020-08-07 18:32:45.517\r\nSourceProcessGuid: {297bc33e-9de2-5f2d-2208-000000000400}\r\nSourceProcessId: 6008\r\nSourceImage: C:\\Windows\\System32\\WindowsPowerShell\\v1.0\\powershell.exe\r\nTargetProcessGuid: {297bc33e-9db9-5f2d-1a08-000000000400}\r\nTargetProcessId: 2576\r\nTargetImage: C:\\Windows\\System32\\notepad.exe\r\nNewThreadId: 8252\r\nStartAddress: 0x000002AF644D0000\r\nStartModule: -\r\nStartFunction: -",
      "NewThreadId": "8252",
      "OpcodeValue": 0,
      "OriginalLogfile": "empire_psinject_PEinjection_2020-08-07143205.json",
      "ProcessId": "6008",
      "ProviderGuid": "{5770385F-C22A-43E0-BF4C-06F5698FFBD9}",
      "RecordNumber": 766711,
      "RuleName": "-",
      "Severity": "INFO",
      "SeverityValue": 2,
      "SourceImage": "C:\\Windows\\System32\\WindowsPowerShell\\v1.0\\powershell.exe",
      "SourceModuleName": "eventlog",
      "SourceModuleType": "im_msvistalog",
      "SourceName": "Microsoft-Windows-Sysmon",
      "SourceProcessId": "6008",
      "StartAddress": "0x000002AF644D0000",
      "StartFunction": "-",
      "StartModule": "-",
      "TargetImage": "C:\\Windows\\System32\\notepad.exe",
      "TargetProcessId": "2576",
      "Task": 8,
      "ThreadID": 4364,
      "UserID": "S-1-5-18",
      "UtcTime": "2020-08-07 18:32:45.517",
      "Version": "2",
      "host": "wec.internal.cloudapp.net",
      "port": 60122,
      "tags": "['mordorDataset']",
      "timestamp": "2020-08-07T18:32:48.973Z"
    },
    {
      "row_id": 1783,
      "AccountName": "SYSTEM",
      "AccountType": "User",
      "Channel": "Microsoft-Windows-Sysmon/Operational",
      "Domain": "NT AUTHORITY",
      "EventID": 8,
      "EventReceivedTime": "2020-08-07 14:32:48",
      "EventTime": "2020-08-07 14:32:45",
      "EventType": "INFO",
      "ExecutionProcessID": 3284,
      "Hostname": "WORKSTATION5.theshire.local",
      "Keywords": -9223372036854775808,
      "Message": "CreateRemoteThread detected:\r\nRuleName: -\r\nUtcTime: 2020-08-07 18:32:45.517\r\nSourceProcessGuid: {297bc33e-9de2-5f2d-2208-000000000400}\r\nSourceProcessId: 6008\r\nSourceImage: C:\\Windows\\System32\\WindowsPowerShell\\v1.0\\powershell.exe\r\nTargetProcessGuid: {297bc33e-9db9-5f2d-1a08-000000000400}\r\nTargetProcessId: 2576\r\nTargetImage: C:\\Windows\\System32\\notepad.exe\r\nNewThreadId: 1820\r\nStartAddress: 0x000002AF644D0000\r\nStartModule: -\r\nStartFunction: -",
      "NewThreadId": "1820",
      "OpcodeValue": 0,
      "OriginalLogfile": "empire_psinject_PEinjection_2020-08-07143205.json",
      "ProcessId": "6008",
      "ProviderGuid": "{5770385F-C22A-43E0-BF4C-06F5698FFBD9}",
      "RecordNumber": 766712,
      "RuleName": "-",
      "Severity": "INFO",
      "SeverityValue": 2,
      "SourceImage": "C:\\Windows\\System32\\WindowsPowerShell\\v1.0\\powershell.exe",
      "SourceModuleName": "eventlog",
      "SourceModuleType": "im_msvistalog",
      "SourceName": "Microsoft-Windows-Sysmon",
      "SourceProcessId": "6008",
      "StartAddress": "0x000002AF644D0000",
      "StartFunction": "-",
      "StartModule": "-",
      "TargetImage": "C:\\Windows\\System32\\notepad.exe",
      "TargetProcessId": "2576",
      "Task": 8,
      "ThreadID": 4364,
      "UserID": "S-1-5-18",
      "UtcTime": "2020-08-07 18:32:45.517",
      "Version": "2",
      "host": "wec.internal.cloudapp.net",
      "port": 60122,
      "tags": "['mordorDataset']",
      "timestamp": "2020-08-07T18:32:48.973Z"
    },
    {
      "row_id": 1787,
      "AccountName": "SYSTEM",
      "AccountType": "User",
      "Channel": "Microsoft-Windows-Sysmon/Operational",
      "Domain": "NT AUTHORITY",
      "EventID": 8,
      "EventReceivedTime": "2020-08-07 14:32:48",
      "EventTime": "2020-08-07 14:32:45",
      "EventType": "INFO",
      "ExecutionProcessID": 3284,
      "Hostname": "WORKSTATION5.theshire.local",
      "Keywords": -9223372036854775808,
      "Message": "CreateRemoteThread detected:\r\nRuleName: -\r\nUtcTime: 2020-08-07 18:32:45.517\r\nSourceProcessGuid: {297bc33e-9de2-5f2d-2208-000000000400}\r\nSourceProcessId: 6008\r\nSourceImage: C:\\Windows\\System32\\WindowsPowerShell\\v1.0\\powershell.exe\r\nTargetProcessGuid: {297bc33e-9db9-5f2d-1a08-000000000400}\r\nTargetProcessId: 2576\r\nTargetImage: C:\\Windows\\System32\\notepad.exe\r\nNewThreadId: 2976\r\nStartAddress: 0x000002AF644D0000\r\nStartModule: -\r\nStartFunction: -",
      "NewThreadId": "2976",
      "OpcodeValue": 0,
      "OriginalLogfile": "empire_psinject_PEinjection_2020-08-07143205.json",
      "ProcessId": "6008",
      "ProviderGuid": "{5770385F-C22A-43E0-BF4C-06F5698FFBD9}",
      "RecordNumber": 766713,
      "RuleName": "-",
      "Severity": "INFO",
      "SeverityValue": 2,
      "SourceImage": "C:\\Windows\\System32\\WindowsPowerShell\\v1.0\\powershell.exe",
      "SourceModuleName": "eventlog",
      "SourceModuleType": "im_msvistalog",
      "SourceName": "Microsoft-Windows-Sysmon",
      "SourceProcessId": "6008",
      "StartAddress": "0x000002AF644D0000",
      "StartFunction": "-",
      "StartModule": "-",
      "TargetImage": "C:\\Windows\\System32\\notepad.exe",
      "TargetProcessId": "2576",
      "Task": 8,
      "ThreadID": 4364,
      "UserID": "S-1-5-18",
      "UtcTime": "2020-08-07 18:32:45.517",
      "Version": "2",
      "host": "wec.internal.cloudapp.net",
      "port": 60122,
      "tags": "['mordorDataset']",
      "timestamp": "2020-08-07T18:32:48.975Z"
    },
    {
      "row_id": 1789,
      "AccountName": "SYSTEM",
      "AccountType": "User",
      "Channel": "Microsoft-Windows-Sysmon/Operational",
      "Domain": "NT AUTHORITY",
      "EventID": 8,
      "EventReceivedTime": "2020-08-07 14:32:48",
      "EventTime": "2020-08-07 14:32:45",
      "EventType": "INFO",
      "ExecutionProcessID": 3284,
      "Hostname": "WORKSTATION5.theshire.local",
      "Keywords": -9223372036854775808,
      "Message": "CreateRemoteThread detected:\r\nRuleName: -\r\nUtcTime: 2020-08-07 18:32:45.533\r\nSourceProcessGuid: {297bc33e-9de2-5f2d-2208-000000000400}\r\nSourceProcessId: 6008\r\nSourceImage: C:\\Windows\\System32\\WindowsPowerShell\\v1.0\\powershell.exe\r\nTargetProcessGuid: {297bc33e-9db9-5f2d-1a08-000000000400}\r\nTargetProcessId: 2576\r\nTargetImage: C:\\Windows\\System32\\notepad.exe\r\nNewThreadId: 8292\r\nStartAddress: 0x000002AF644D0000\r\nStartModule: -\r\nStartFunction: -",
      "NewThreadId": "8292",
      "OpcodeValue": 0,
      "OriginalLogfile": "empire_psinject_PEinjection_2020-08-07143205.json",
      "ProcessId": "6008",
      "ProviderGuid": "{5770385F-C22A-43E0-BF4C-06F5698FFBD9}",
      "RecordNumber": 766714,
      "RuleName": "-",
      "Severity": "INFO",
      "SeverityValue": 2,
      "SourceImage": "C:\\Windows\\System32\\WindowsPowerShell\\v1.0\\powershell.exe",
      "SourceModuleName": "eventlog",
      "SourceModuleType": "im_msvistalog",
      "SourceName": "Microsoft-Windows-Sysmon",
      "SourceProcessId": "6008",
      "StartAddress": "0x000002AF644D0000",
      "StartFunction": "-",
      "StartModule": "-",
      "TargetImage": "C:\\Windows\\System32\\notepad.exe",
      "TargetProcessId": "2576",
      "Task": 8,
      "ThreadID": 4364,
      "UserID": "S-1-5-18",
      "UtcTime": "2020-08-07 18:32:45.533",
      "Version": "2",
      "host": "wec.internal.cloudapp.net",
      "port": 60122,
      "tags": "['mordorDataset']",
      "timestamp": "2020-08-07T18:32:48.976Z"
    },
    {
      "row_id": 1794,
      "AccountName": "SYSTEM",
      "AccountType": "User",
      "Channel": "Microsoft-Windows-Sysmon/Operational",
      "Domain": "NT AUTHORITY",
      "EventID": 8,
      "EventReceivedTime": "2020-08-07 14:32:48",
      "EventTime": "2020-08-07 14:32:45",
      "EventType": "INFO",
      "ExecutionProcessID": 3284,
      "Hostname": "WORKSTATION5.theshire.local",
      "Keywords": -9223372036854775808,
      "Message": "CreateRemoteThread detected:\r\nRuleName: -\r\nUtcTime: 2020-08-07 18:32:45.533\r\nSourceProcessGuid: {297bc33e-9de2-5f2d-2208-000000000400}\r\nSourceProcessId: 6008\r\nSourceImage: C:\\Windows\\System32\\WindowsPowerShell\\v1.0\\powershell.exe\r\nTargetProcessGuid: {297bc33e-9db9-5f2d-1a08-000000000400}\r\nTargetProcessId: 2576\r\nTargetImage: C:\\Windows\\System32\\notepad.exe\r\nNewThreadId: 6168\r\nStartAddress: 0x000002AF644D0000\r\nStartModule: -\r\nStartFunction: -",
      "NewThreadId": "6168",
      "OpcodeValue": 0,
      "OriginalLogfile": "empire_psinject_PEinjection_2020-08-07143205.json",
      "ProcessId": "6008",
      "ProviderGuid": "{5770385F-C22A-43E0-BF4C-06F5698FFBD9}",
      "RecordNumber": 766715,
      "RuleName": "-",
      "Severity": "INFO",
      "SeverityValue": 2,
      "SourceImage": "C:\\Windows\\System32\\WindowsPowerShell\\v1.0\\powershell.exe",
      "SourceModuleName": "eventlog",
      "SourceModuleType": "im_msvistalog",
      "SourceName": "Microsoft-Windows-Sysmon",
      "SourceProcessId": "6008",
      "StartAddress": "0x000002AF644D0000",
      "StartFunction": "-",
      "StartModule": "-",
      "TargetImage": "C:\\Windows\\System32\\notepad.exe",
      "TargetProcessId": "2576",
      "Task": 8,
      "ThreadID": 4364,
      "UserID": "S-1-5-18",
      "UtcTime": "2020-08-07 18:32:45.533",
      "Version": "2",
      "host": "wec.internal.cloudapp.net",
      "port": 60122,
      "tags": "['mordorDataset']",
      "timestamp": "2020-08-07T18:32:48.979Z"
    },
    {
      "row_id": 1798,
      "AccountName": "SYSTEM",
      "AccountType": "User",
      "Channel": "Microsoft-Windows-Sysmon/Operational",
      "Domain": "NT AUTHORITY",
      "EventID": 8,
      "EventReceivedTime": "2020-08-07 14:32:48",
      "EventTime": "2020-08-07 14:32:45",
      "EventType": "INFO",
      "ExecutionProcessID": 3284,
      "Hostname": "WORKSTATION5.theshire.local",
      "Keywords": -9223372036854775808,
      "Message": "CreateRemoteThread detected:\r\nRuleName: -\r\nUtcTime: 2020-08-07 18:32:45.533\r\nSourceProcessGuid: {297bc33e-9de2-5f2d-2208-000000000400}\r\nSourceProcessId: 6008\r\nSourceImage: C:\\Windows\\System32\\WindowsPowerShell\\v1.0\\powershell.exe\r\nTargetProcessGuid: {297bc33e-9db9-5f2d-1a08-000000000400}\r\nTargetProcessId: 2576\r\nTargetImage: C:\\Windows\\System32\\notepad.exe\r\nNewThreadId: 8044\r\nStartAddress: 0x000002AF644D0000\r\nStartModule: -\r\nStartFunction: -",
      "NewThreadId": "8044",
      "OpcodeValue": 0,
      "OriginalLogfile": "empire_psinject_PEinjection_2020-08-07143205.json",
      "ProcessId": "6008",
      "ProviderGuid": "{5770385F-C22A-43E0-BF4C-06F5698FFBD9}",
      "RecordNumber": 766716,
      "RuleName": "-",
      "Severity": "INFO",
      "SeverityValue": 2,
      "SourceImage": "C:\\Windows\\System32\\WindowsPowerShell\\v1.0\\powershell.exe",
      "SourceModuleName": "eventlog",
      "SourceModuleType": "im_msvistalog",
      "SourceName": "Microsoft-Windows-Sysmon",
      "SourceProcessId": "6008",
      "StartAddress": "0x000002AF644D0000",
      "StartFunction": "-",
      "StartModule": "-",
      "TargetImage": "C:\\Windows\\System32\\notepad.exe",
      "TargetProcessId": "2576",
      "Task": 8,
      "ThreadID": 4364,
      "UserID": "S-1-5-18",
      "UtcTime": "2020-08-07 18:32:45.533",
      "Version": "2",
      "host": "wec.internal.cloudapp.net",
      "port": 60122,
      "tags": "['mordorDataset']",
      "timestamp": "2020-08-07T18:32:48.981Z"
    },
    {
      "row_id": 1800,
      "AccountName": "SYSTEM",
      "AccountType": "User",
      "Channel": "Microsoft-Windows-Sysmon/Operational",
      "Domain": "NT AUTHORITY",
      "EventID": 8,
      "EventReceivedTime": "2020-08-07 14:32:48",
      "EventTime": "2020-08-07 14:32:45",
      "EventType": "INFO",
      "ExecutionProcessID": 3284,
      "Hostname": "WORKSTATION5.theshire.local",
      "Keywords": -9223372036854775808,
      "Message": "CreateRemoteThread detected:\r\nRuleName: -\r\nUtcTime: 2020-08-07 18:32:45.548\r\nSourceProcessGuid: {297bc33e-9de2-5f2d-2208-000000000400}\r\nSourceProcessId: 6008\r\nSourceImage: C:\\Windows\\System32\\WindowsPowerShell\\v1.0\\powershell.exe\r\nTargetProcessGuid: {297bc33e-9db9-5f2d-1a08-000000000400}\r\nTargetProcessId: 2576\r\nTargetImage: C:\\Windows\\System32\\notepad.exe\r\nNewThreadId: 5764\r\nStartAddress: 0x000002AF644D0000\r\nStartModule: -\r\nStartFunction: -",
      "NewThreadId": "5764",
      "OpcodeValue": 0,
      "OriginalLogfile": "empire_psinject_PEinjection_2020-08-07143205.json",
      "ProcessId": "6008",
      "ProviderGuid": "{5770385F-C22A-43E0-BF4C-06F5698FFBD9}",
      "RecordNumber": 766717,
      "RuleName": "-",
      "Severity": "INFO",
      "SeverityValue": 2,
      "SourceImage": "C:\\Windows\\System32\\WindowsPowerShell\\v1.0\\powershell.exe",
      "SourceModuleName": "eventlog",
      "SourceModuleType": "im_msvistalog",
      "SourceName": "Microsoft-Windows-Sysmon",
      "SourceProcessId": "6008",
      "StartAddress": "0x000002AF644D0000",
      "StartFunction": "-",
      "StartModule": "-",
      "TargetImage": "C:\\Windows\\System32\\notepad.exe",
      "TargetProcessId": "2576",
      "Task": 8,
      "ThreadID": 4364,
      "UserID": "S-1-5-18",
      "UtcTime": "2020-08-07 18:32:45.548",
      "Version": "2",
      "host": "wec.internal.cloudapp.net",
      "port": 60122,
      "tags": "['mordorDataset']",
      "timestamp": "2020-08-07T18:32:48.987Z"
    },
    {
      "row_id": 1804,
      "AccountName": "SYSTEM",
      "AccountType": "User",
      "Channel": "Microsoft-Windows-Sysmon/Operational",
      "Domain": "NT AUTHORITY",
      "EventID": 8,
      "EventReceivedTime": "2020-08-07 14:32:48",
      "EventTime": "2020-08-07 14:32:45",
      "EventType": "INFO",
      "ExecutionProcessID": 3284,
      "Hostname": "WORKSTATION5.theshire.local",
      "Keywords": -9223372036854775808,
      "Message": "CreateRemoteThread detected:\r\nRuleName: -\r\nUtcTime: 2020-08-07 18:32:45.548\r\nSourceProcessGuid: {297bc33e-9de2-5f2d-2208-000000000400}\r\nSourceProcessId: 6008\r\nSourceImage: C:\\Windows\\System32\\WindowsPowerShell\\v1.0\\powershell.exe\r\nTargetProcessGuid: {297bc33e-9db9-5f2d-1a08-000000000400}\r\nTargetProcessId: 2576\r\nTargetImage: C:\\Windows\\System32\\notepad.exe\r\nNewThreadId: 2836\r\nStartAddress: 0x000002AF644D0000\r\nStartModule: -\r\nStartFunction: -",
      "NewThreadId": "2836",
      "OpcodeValue": 0,
      "OriginalLogfile": "empire_psinject_PEinjection_2020-08-07143205.json",
      "ProcessId": "6008",
      "ProviderGuid": "{5770385F-C22A-43E0-BF4C-06F5698FFBD9}",
      "RecordNumber": 766718,
      "RuleName": "-",
      "Severity": "INFO",
      "SeverityValue": 2,
      "SourceImage": "C:\\Windows\\System32\\WindowsPowerShell\\v1.0\\powershell.exe",
      "SourceModuleName": "eventlog",
      "SourceModuleType": "im_msvistalog",
      "SourceName": "Microsoft-Windows-Sysmon",
      "SourceProcessId": "6008",
      "StartAddress": "0x000002AF644D0000",
      "StartFunction": "-",
      "StartModule": "-",
      "TargetImage": "C:\\Windows\\System32\\notepad.exe",
      "TargetProcessId": "2576",
      "Task": 8,
      "ThreadID": 4364,
      "UserID": "S-1-5-18",
      "UtcTime": "2020-08-07 18:32:45.548",
      "Version": "2",
      "host": "wec.internal.cloudapp.net",
      "port": 60122,
      "tags": "['mordorDataset']",
      "timestamp": "2020-08-07T18:32:48.989Z"
    },
    {
      "row_id": 1806,
      "AccountName": "SYSTEM",
      "AccountType": "User",
      "Channel": "Microsoft-Windows-Sysmon/Operational",
      "Domain": "NT AUTHORITY",
      "EventID": 8,
      "EventReceivedTime": "2020-08-07 14:32:48",
      "EventTime": "2020-08-07 14:32:45",
      "EventType": "INFO",
      "ExecutionProcessID": 3284,
      "Hostname": "WORKSTATION5.theshire.local",
      "Keywords": -9223372036854775808,
      "Message": "CreateRemoteThread detected:\r\nRuleName: -\r\nUtcTime: 2020-08-07 18:32:45.548\r\nSourceProcessGuid: {297bc33e-9de2-5f2d-2208-000000000400}\r\nSourceProcessId: 6008\r\nSourceImage: C:\\Windows\\System32\\WindowsPowerShell\\v1.0\\powershell.exe\r\nTargetProcessGuid: {297bc33e-9db9-5f2d-1a08-000000000400}\r\nTargetProcessId: 2576\r\nTargetImage: C:\\Windows\\System32\\notepad.exe\r\nNewThreadId: 3756\r\nStartAddress: 0x000002AF644D0000\r\nStartModule: -\r\nStartFunction: -",
      "NewThreadId": "3756",
      "OpcodeValue": 0,
      "OriginalLogfile": "empire_psinject_PEinjection_2020-08-07143205.json",
      "ProcessId": "6008",
      "ProviderGuid": "{5770385F-C22A-43E0-BF4C-06F5698FFBD9}",
      "RecordNumber": 766719,
      "RuleName": "-",
      "Severity": "INFO",
      "SeverityValue": 2,
      "SourceImage": "C:\\Windows\\System32\\WindowsPowerShell\\v1.0\\powershell.exe",
      "SourceModuleName": "eventlog",
      "SourceModuleType": "im_msvistalog",
      "SourceName": "Microsoft-Windows-Sysmon",
      "SourceProcessId": "6008",
      "StartAddress": "0x000002AF644D0000",
      "StartFunction": "-",
      "StartModule": "-",
      "TargetImage": "C:\\Windows\\System32\\notepad.exe",
      "TargetProcessId": "2576",
      "Task": 8,
      "ThreadID": 4364,
      "UserID": "S-1-5-18",
      "UtcTime": "2020-08-07 18:32:45.548",
      "Version": "2",
      "host": "wec.internal.cloudapp.net",
      "port": 60122,
      "tags": "['mordorDataset']",
      "timestamp": "2020-08-07T18:32:48.991Z"
    },
    {
      "row_id": 1810,
      "AccountName": "SYSTEM",
      "AccountType": "User",
      "Channel": "Microsoft-Windows-Sysmon/Operational",
      "Domain": "NT AUTHORITY",
      "EventID": 8,
      "EventReceivedTime": "2020-08-07 14:32:48",
      "EventTime": "2020-08-07 14:32:45",
      "EventType": "INFO",
      "ExecutionProcessID": 3284,
      "Hostname": "WORKSTATION5.theshire.local",
      "Keywords": -9223372036854775808,
      "Message": "CreateRemoteThread detected:\r\nRuleName: -\r\nUtcTime: 2020-08-07 18:32:45.564\r\nSourceProcessGuid: {297bc33e-9de2-5f2d-2208-000000000400}\r\nSourceProcessId: 6008\r\nSourceImage: C:\\Windows\\System32\\WindowsPowerShell\\v1.0\\powershell.exe\r\nTargetProcessGuid: {297bc33e-9db9-5f2d-1a08-000000000400}\r\nTargetProcessId: 2576\r\nTargetImage: C:\\Windows\\System32\\notepad.exe\r\nNewThreadId: 3004\r\nStartAddress: 0x000002AF644C0000\r\nStartModule: -\r\nStartFunction: -",
      "NewThreadId": "3004",
      "OpcodeValue": 0,
      "OriginalLogfile": "empire_psinject_PEinjection_2020-08-07143205.json",
      "ProcessId": "6008",
      "ProviderGuid": "{5770385F-C22A-43E0-BF4C-06F5698FFBD9}",
      "RecordNumber": 766720,
      "RuleName": "-",
      "Severity": "INFO",
      "SeverityValue": 2,
      "SourceImage": "C:\\Windows\\System32\\WindowsPowerShell\\v1.0\\powershell.exe",
      "SourceModuleName": "eventlog",
      "SourceModuleType": "im_msvistalog",
      "SourceName": "Microsoft-Windows-Sysmon",
      "SourceProcessId": "6008",
      "StartAddress": "0x000002AF644C0000",
      "StartFunction": "-",
      "StartModule": "-",
      "TargetImage": "C:\\Windows\\System32\\notepad.exe",
      "TargetProcessId": "2576",
      "Task": 8,
      "ThreadID": 4364,
      "UserID": "S-1-5-18",
      "UtcTime": "2020-08-07 18:32:45.564",
      "Version": "2",
      "host": "wec.internal.cloudapp.net",
      "port": 60122,
      "tags": "['mordorDataset']",
      "timestamp": "2020-08-07T18:32:48.994Z"
    }
  ]
}]