[{
  "title": "Remote Thread Created By Scripting Or Office Process",
  "id": "85a24c04-0505-46df-bc94-1236cab8312e",
  "description": "Detects a script interpreter or Office application creating a remote thread in another process\n(Sysmon EID 8 CreateRemoteThread). Interpreters such as powershell.exe/pwsh.exe, wscript,\ncscript and mshta, and Office apps such as winword/excel, have no legitimate reason to inject\nthreads into other processes, so this is a strong process-injection signal (e.g. PowerShell\nEmpire reflectively injecting a PE and running it via CreateRemoteThread). The rule keys on the\nsource process and is deliberately target-agnostic rather than hardcoding a specific target.\n",
  "sigmafile": "",
  "sigma": [
    "SELECT * FROM logs WHERE EventID=8 AND (SourceImage LIKE '%\\\\powershell.exe' ESCAPE '\\' OR SourceImage LIKE '%\\\\pwsh.exe' ESCAPE '\\' OR SourceImage LIKE '%\\\\wscript.exe' ESCAPE '\\' OR SourceImage LIKE '%\\\\cscript.exe' ESCAPE '\\' OR SourceImage LIKE '%\\\\mshta.exe' ESCAPE '\\' OR SourceImage LIKE '%\\\\winword.exe' ESCAPE '\\' OR SourceImage LIKE '%\\\\excel.exe' ESCAPE '\\' OR SourceImage LIKE '%\\\\powerpnt.exe' ESCAPE '\\' OR SourceImage LIKE '%\\\\outlook.exe' ESCAPE '\\')"
  ],
  "rule_level": "high",
  "tags": [
    "attack.defense-evasion",
    "attack.privilege-escalation",
    "attack.t1055"
  ],
  "count": 88,
  "matches": [
    {
      "row_id": 1555,
      "AccountName": "SYSTEM",
      "AccountType": "User",
      "Channel": "Microsoft-Windows-Sysmon/Operational",
      "Domain": "NT AUTHORITY",
      "EventID": 8,
      "EventReceivedTime": "2020-08-07 14:32:46",
      "EventTime": "2020-08-07 14:32:44",
      "EventType": "INFO",
      "ExecutionProcessID": 3284,
      "Hostname": "WORKSTATION5.theshire.local",
      "Keywords": -9223372036854775808,
      "Message": "CreateRemoteThread detected:\r\nRuleName: -\r\nUtcTime: 2020-08-07 18:32:44.580\r\nSourceProcessGuid: {297bc33e-9de2-5f2d-2208-000000000400}\r\nSourceProcessId: 6008\r\nSourceImage: C:\\Windows\\System32\\WindowsPowerShell\\v1.0\\powershell.exe\r\nTargetProcessGuid: {297bc33e-9db9-5f2d-1a08-000000000400}\r\nTargetProcessId: 2576\r\nTargetImage: C:\\Windows\\System32\\notepad.exe\r\nNewThreadId: 6832\r\nStartAddress: 0x000002AF644E0000\r\nStartModule: -\r\nStartFunction: -",
      "NewThreadId": "6832",
      "OpcodeValue": 0,
      "OriginalLogfile": "empire_psinject_PEinjection_2020-08-07143205.json",
      "ProcessId": "6008",
      "ProviderGuid": "{5770385F-C22A-43E0-BF4C-06F5698FFBD9}",
      "RecordNumber": 766632,
      "RuleName": "-",
      "Severity": "INFO",
      "SeverityValue": 2,
      "SourceImage": "C:\\Windows\\System32\\WindowsPowerShell\\v1.0\\powershell.exe",
      "SourceModuleName": "eventlog",
      "SourceModuleType": "im_msvistalog",
      "SourceName": "Microsoft-Windows-Sysmon",
      "SourceProcessId": "6008",
      "StartAddress": "0x000002AF644E0000",
      "StartFunction": "-",
      "StartModule": "-",
      "TargetImage": "C:\\Windows\\System32\\notepad.exe",
      "TargetProcessId": "2576",
      "Task": 8,
      "ThreadID": 4364,
      "UserID": "S-1-5-18",
      "UtcTime": "2020-08-07 18:32:44.580",
      "Version": "2",
      "host": "wec.internal.cloudapp.net",
      "port": 60122,
      "tags": "['mordorDataset']",
      "timestamp": "2020-08-07T18:32:46.069Z"
    },
    {
      "row_id": 1559,
      "AccountName": "SYSTEM",
      "AccountType": "User",
      "Channel": "Microsoft-Windows-Sysmon/Operational",
      "Domain": "NT AUTHORITY",
      "EventID": 8,
      "EventReceivedTime": "2020-08-07 14:32:46",
      "EventTime": "2020-08-07 14:32:44",
      "EventType": "INFO",
      "ExecutionProcessID": 3284,
      "Hostname": "WORKSTATION5.theshire.local",
      "Keywords": -9223372036854775808,
      "Message": "CreateRemoteThread detected:\r\nRuleName: -\r\nUtcTime: 2020-08-07 18:32:44.689\r\nSourceProcessGuid: {297bc33e-9de2-5f2d-2208-000000000400}\r\nSourceProcessId: 6008\r\nSourceImage: C:\\Windows\\System32\\WindowsPowerShell\\v1.0\\powershell.exe\r\nTargetProcessGuid: {297bc33e-9db9-5f2d-1a08-000000000400}\r\nTargetProcessId: 2576\r\nTargetImage: C:\\Windows\\System32\\notepad.exe\r\nNewThreadId: 8476\r\nStartAddress: 0x000002AF644E0000\r\nStartModule: -\r\nStartFunction: -",
      "NewThreadId": "8476",
      "OpcodeValue": 0,
      "OriginalLogfile": "empire_psinject_PEinjection_2020-08-07143205.json",
      "ProcessId": "6008",
      "ProviderGuid": "{5770385F-C22A-43E0-BF4C-06F5698FFBD9}",
      "RecordNumber": 766633,
      "RuleName": "-",
      "Severity": "INFO",
      "SeverityValue": 2,
      "SourceImage": "C:\\Windows\\System32\\WindowsPowerShell\\v1.0\\powershell.exe",
      "SourceModuleName": "eventlog",
      "SourceModuleType": "im_msvistalog",
      "SourceName": "Microsoft-Windows-Sysmon",
      "SourceProcessId": "6008",
      "StartAddress": "0x000002AF644E0000",
      "StartFunction": "-",
      "StartModule": "-",
      "TargetImage": "C:\\Windows\\System32\\notepad.exe",
      "TargetProcessId": "2576",
      "Task": 8,
      "ThreadID": 4364,
      "UserID": "S-1-5-18",
      "UtcTime": "2020-08-07 18:32:44.689",
      "Version": "2",
      "host": "wec.internal.cloudapp.net",
      "port": 60122,
      "tags": "['mordorDataset']",
      "timestamp": "2020-08-07T18:32:46.071Z"
    },
    {
      "row_id": 1561,
      "AccountName": "SYSTEM",
      "AccountType": "User",
      "Channel": "Microsoft-Windows-Sysmon/Operational",
      "Domain": "NT AUTHORITY",
      "EventID": 8,
      "EventReceivedTime": "2020-08-07 14:32:46",
      "EventTime": "2020-08-07 14:32:44",
      "EventType": "INFO",
      "ExecutionProcessID": 3284,
      "Hostname": "WORKSTATION5.theshire.local",
      "Keywords": -9223372036854775808,
      "Message": "CreateRemoteThread detected:\r\nRuleName: -\r\nUtcTime: 2020-08-07 18:32:44.705\r\nSourceProcessGuid: {297bc33e-9de2-5f2d-2208-000000000400}\r\nSourceProcessId: 6008\r\nSourceImage: C:\\Windows\\System32\\WindowsPowerShell\\v1.0\\powershell.exe\r\nTargetProcessGuid: {297bc33e-9db9-5f2d-1a08-000000000400}\r\nTargetProcessId: 2576\r\nTargetImage: C:\\Windows\\System32\\notepad.exe\r\nNewThreadId: 4672\r\nStartAddress: 0x000002AF644E0000\r\nStartModule: -\r\nStartFunction: -",
      "NewThreadId": "4672",
      "OpcodeValue": 0,
      "OriginalLogfile": "empire_psinject_PEinjection_2020-08-07143205.json",
      "ProcessId": "6008",
      "ProviderGuid": "{5770385F-C22A-43E0-BF4C-06F5698FFBD9}",
      "RecordNumber": 766634,
      "RuleName": "-",
      "Severity": "INFO",
      "SeverityValue": 2,
      "SourceImage": "C:\\Windows\\System32\\WindowsPowerShell\\v1.0\\powershell.exe",
      "SourceModuleName": "eventlog",
      "SourceModuleType": "im_msvistalog",
      "SourceName": "Microsoft-Windows-Sysmon",
      "SourceProcessId": "6008",
      "StartAddress": "0x000002AF644E0000",
      "StartFunction": "-",
      "StartModule": "-",
      "TargetImage": "C:\\Windows\\System32\\notepad.exe",
      "TargetProcessId": "2576",
      "Task": 8,
      "ThreadID": 4364,
      "UserID": "S-1-5-18",
      "UtcTime": "2020-08-07 18:32:44.705",
      "Version": "2",
      "host": "wec.internal.cloudapp.net",
      "port": 60122,
      "tags": "['mordorDataset']",
      "timestamp": "2020-08-07T18:32:46.072Z"
    },
    {
      "row_id": 1564,
      "AccountName": "SYSTEM",
      "AccountType": "User",
      "Channel": "Microsoft-Windows-Sysmon/Operational",
      "Domain": "NT AUTHORITY",
      "EventID": 8,
      "EventReceivedTime": "2020-08-07 14:32:46",
      "EventTime": "2020-08-07 14:32:44",
      "EventType": "INFO",
      "ExecutionProcessID": 3284,
      "Hostname": "WORKSTATION5.theshire.local",
      "Keywords": -9223372036854775808,
      "Message": "CreateRemoteThread detected:\r\nRuleName: -\r\nUtcTime: 2020-08-07 18:32:44.720\r\nSourceProcessGuid: {297bc33e-9de2-5f2d-2208-000000000400}\r\nSourceProcessId: 6008\r\nSourceImage: C:\\Windows\\System32\\WindowsPowerShell\\v1.0\\powershell.exe\r\nTargetProcessGuid: {297bc33e-9db9-5f2d-1a08-000000000400}\r\nTargetProcessId: 2576\r\nTargetImage: C:\\Windows\\System32\\notepad.exe\r\nNewThreadId: 2412\r\nStartAddress: 0x000002AF644E0000\r\nStartModule: -\r\nStartFunction: -",
      "NewThreadId": "2412",
      "OpcodeValue": 0,
      "OriginalLogfile": "empire_psinject_PEinjection_2020-08-07143205.json",
      "ProcessId": "6008",
      "ProviderGuid": "{5770385F-C22A-43E0-BF4C-06F5698FFBD9}",
      "RecordNumber": 766635,
      "RuleName": "-",
      "Severity": "INFO",
      "SeverityValue": 2,
      "SourceImage": "C:\\Windows\\System32\\WindowsPowerShell\\v1.0\\powershell.exe",
      "SourceModuleName": "eventlog",
      "SourceModuleType": "im_msvistalog",
      "SourceName": "Microsoft-Windows-Sysmon",
      "SourceProcessId": "6008",
      "StartAddress": "0x000002AF644E0000",
      "StartFunction": "-",
      "StartModule": "-",
      "TargetImage": "C:\\Windows\\System32\\notepad.exe",
      "TargetProcessId": "2576",
      "Task": 8,
      "ThreadID": 4364,
      "UserID": "S-1-5-18",
      "UtcTime": "2020-08-07 18:32:44.720",
      "Version": "2",
      "host": "wec.internal.cloudapp.net",
      "port": 60122,
      "tags": "['mordorDataset']",
      "timestamp": "2020-08-07T18:32:46.074Z"
    },
    {
      "row_id": 1568,
      "AccountName": "SYSTEM",
      "AccountType": "User",
      "Channel": "Microsoft-Windows-Sysmon/Operational",
      "Domain": "NT AUTHORITY",
      "EventID": 8,
      "EventReceivedTime": "2020-08-07 14:32:46",
      "EventTime": "2020-08-07 14:32:44",
      "EventType": "INFO",
      "ExecutionProcessID": 3284,
      "Hostname": "WORKSTATION5.theshire.local",
      "Keywords": -9223372036854775808,
      "Message": "CreateRemoteThread detected:\r\nRuleName: -\r\nUtcTime: 2020-08-07 18:32:44.720\r\nSourceProcessGuid: {297bc33e-9de2-5f2d-2208-000000000400}\r\nSourceProcessId: 6008\r\nSourceImage: C:\\Windows\\System32\\WindowsPowerShell\\v1.0\\powershell.exe\r\nTargetProcessGuid: {297bc33e-9db9-5f2d-1a08-000000000400}\r\nTargetProcessId: 2576\r\nTargetImage: C:\\Windows\\System32\\notepad.exe\r\nNewThreadId: 7880\r\nStartAddress: 0x000002AF644E0000\r\nStartModule: -\r\nStartFunction: -",
      "NewThreadId": "7880",
      "OpcodeValue": 0,
      "OriginalLogfile": "empire_psinject_PEinjection_2020-08-07143205.json",
      "ProcessId": "6008",
      "ProviderGuid": "{5770385F-C22A-43E0-BF4C-06F5698FFBD9}",
      "RecordNumber": 766636,
      "RuleName": "-",
      "Severity": "INFO",
      "SeverityValue": 2,
      "SourceImage": "C:\\Windows\\System32\\WindowsPowerShell\\v1.0\\powershell.exe",
      "SourceModuleName": "eventlog",
      "SourceModuleType": "im_msvistalog",
      "SourceName": "Microsoft-Windows-Sysmon",
      "SourceProcessId": "6008",
      "StartAddress": "0x000002AF644E0000",
      "StartFunction": "-",
      "StartModule": "-",
      "TargetImage": "C:\\Windows\\System32\\notepad.exe",
      "TargetProcessId": "2576",
      "Task": 8,
      "ThreadID": 4364,
      "UserID": "S-1-5-18",
      "UtcTime": "2020-08-07 18:32:44.720",
      "Version": "2",
      "host": "wec.internal.cloudapp.net",
      "port": 60122,
      "tags": "['mordorDataset']",
      "timestamp": "2020-08-07T18:32:46.076Z"
    },
    {
      "row_id": 1570,
      "AccountName": "SYSTEM",
      "AccountType": "User",
      "Channel": "Microsoft-Windows-Sysmon/Operational",
      "Domain": "NT AUTHORITY",
      "EventID": 8,
      "EventReceivedTime": "2020-08-07 14:32:46",
      "EventTime": "2020-08-07 14:32:44",
      "EventType": "INFO",
      "ExecutionProcessID": 3284,
      "Hostname": "WORKSTATION5.theshire.local",
      "Keywords": -9223372036854775808,
      "Message": "CreateRemoteThread detected:\r\nRuleName: -\r\nUtcTime: 2020-08-07 18:32:44.720\r\nSourceProcessGuid: {297bc33e-9de2-5f2d-2208-000000000400}\r\nSourceProcessId: 6008\r\nSourceImage: C:\\Windows\\System32\\WindowsPowerShell\\v1.0\\powershell.exe\r\nTargetProcessGuid: {297bc33e-9db9-5f2d-1a08-000000000400}\r\nTargetProcessId: 2576\r\nTargetImage: C:\\Windows\\System32\\notepad.exe\r\nNewThreadId: 8040\r\nStartAddress: 0x000002AF644E0000\r\nStartModule: -\r\nStartFunction: -",
      "NewThreadId": "8040",
      "OpcodeValue": 0,
      "OriginalLogfile": "empire_psinject_PEinjection_2020-08-07143205.json",
      "ProcessId": "6008",
      "ProviderGuid": "{5770385F-C22A-43E0-BF4C-06F5698FFBD9}",
      "RecordNumber": 766637,
      "RuleName": "-",
      "Severity": "INFO",
      "SeverityValue": 2,
      "SourceImage": "C:\\Windows\\System32\\WindowsPowerShell\\v1.0\\powershell.exe",
      "SourceModuleName": "eventlog",
      "SourceModuleType": "im_msvistalog",
      "SourceName": "Microsoft-Windows-Sysmon",
      "SourceProcessId": "6008",
      "StartAddress": "0x000002AF644E0000",
      "StartFunction": "-",
      "StartModule": "-",
      "TargetImage": "C:\\Windows\\System32\\notepad.exe",
      "TargetProcessId": "2576",
      "Task": 8,
      "ThreadID": 4364,
      "UserID": "S-1-5-18",
      "UtcTime": "2020-08-07 18:32:44.720",
      "Version": "2",
      "host": "wec.internal.cloudapp.net",
      "port": 60122,
      "tags": "['mordorDataset']",
      "timestamp": "2020-08-07T18:32:46.077Z"
    },
    {
      "row_id": 1573,
      "AccountName": "SYSTEM",
      "AccountType": "User",
      "Channel": "Microsoft-Windows-Sysmon/Operational",
      "Domain": "NT AUTHORITY",
      "EventID": 8,
      "EventReceivedTime": "2020-08-07 14:32:46",
      "EventTime": "2020-08-07 14:32:44",
      "EventType": "INFO",
      "ExecutionProcessID": 3284,
      "Hostname": "WORKSTATION5.theshire.local",
      "Keywords": -9223372036854775808,
      "Message": "CreateRemoteThread detected:\r\nRuleName: -\r\nUtcTime: 2020-08-07 18:32:44.736\r\nSourceProcessGuid: {297bc33e-9de2-5f2d-2208-000000000400}\r\nSourceProcessId: 6008\r\nSourceImage: C:\\Windows\\System32\\WindowsPowerShell\\v1.0\\powershell.exe\r\nTargetProcessGuid: {297bc33e-9db9-5f2d-1a08-000000000400}\r\nTargetProcessId: 2576\r\nTargetImage: C:\\Windows\\System32\\notepad.exe\r\nNewThreadId: 6912\r\nStartAddress: 0x000002AF644E0000\r\nStartModule: -\r\nStartFunction: -",
      "NewThreadId": "6912",
      "OpcodeValue": 0,
      "OriginalLogfile": "empire_psinject_PEinjection_2020-08-07143205.json",
      "ProcessId": "6008",
      "ProviderGuid": "{5770385F-C22A-43E0-BF4C-06F5698FFBD9}",
      "RecordNumber": 766638,
      "RuleName": "-",
      "Severity": "INFO",
      "SeverityValue": 2,
      "SourceImage": "C:\\Windows\\System32\\WindowsPowerShell\\v1.0\\powershell.exe",
      "SourceModuleName": "eventlog",
      "SourceModuleType": "im_msvistalog",
      "SourceName": "Microsoft-Windows-Sysmon",
      "SourceProcessId": "6008",
      "StartAddress": "0x000002AF644E0000",
      "StartFunction": "-",
      "StartModule": "-",
      "TargetImage": "C:\\Windows\\System32\\notepad.exe",
      "TargetProcessId": "2576",
      "Task": 8,
      "ThreadID": 4364,
      "UserID": "S-1-5-18",
      "UtcTime": "2020-08-07 18:32:44.736",
      "Version": "2",
      "host": "wec.internal.cloudapp.net",
      "port": 60122,
      "tags": "['mordorDataset']",
      "timestamp": "2020-08-07T18:32:46.085Z"
    },
    {
      "row_id": 1577,
      "AccountName": "SYSTEM",
      "AccountType": "User",
      "Channel": "Microsoft-Windows-Sysmon/Operational",
      "Domain": "NT AUTHORITY",
      "EventID": 8,
      "EventReceivedTime": "2020-08-07 14:32:46",
      "EventTime": "2020-08-07 14:32:44",
      "EventType": "INFO",
      "ExecutionProcessID": 3284,
      "Hostname": "WORKSTATION5.theshire.local",
      "Keywords": -9223372036854775808,
      "Message": "CreateRemoteThread detected:\r\nRuleName: -\r\nUtcTime: 2020-08-07 18:32:44.767\r\nSourceProcessGuid: {297bc33e-9de2-5f2d-2208-000000000400}\r\nSourceProcessId: 6008\r\nSourceImage: C:\\Windows\\System32\\WindowsPowerShell\\v1.0\\powershell.exe\r\nTargetProcessGuid: {297bc33e-9db9-5f2d-1a08-000000000400}\r\nTargetProcessId: 2576\r\nTargetImage: C:\\Windows\\System32\\notepad.exe\r\nNewThreadId: 1008\r\nStartAddress: 0x000002AF644E0000\r\nStartModule: -\r\nStartFunction: -",
      "NewThreadId": "1008",
      "OpcodeValue": 0,
      "OriginalLogfile": "empire_psinject_PEinjection_2020-08-07143205.json",
      "ProcessId": "6008",
      "ProviderGuid": "{5770385F-C22A-43E0-BF4C-06F5698FFBD9}",
      "RecordNumber": 766639,
      "RuleName": "-",
      "Severity": "INFO",
      "SeverityValue": 2,
      "SourceImage": "C:\\Windows\\System32\\WindowsPowerShell\\v1.0\\powershell.exe",
      "SourceModuleName": "eventlog",
      "SourceModuleType": "im_msvistalog",
      "SourceName": "Microsoft-Windows-Sysmon",
      "SourceProcessId": "6008",
      "StartAddress": "0x000002AF644E0000",
      "StartFunction": "-",
      "StartModule": "-",
      "TargetImage": "C:\\Windows\\System32\\notepad.exe",
      "TargetProcessId": "2576",
      "Task": 8,
      "ThreadID": 4364,
      "UserID": "S-1-5-18",
      "UtcTime": "2020-08-07 18:32:44.767",
      "Version": "2",
      "host": "wec.internal.cloudapp.net",
      "port": 60122,
      "tags": "['mordorDataset']",
      "timestamp": "2020-08-07T18:32:46.087Z"
    },
    {
      "row_id": 1578,
      "AccountName": "SYSTEM",
      "AccountType": "User",
      "Channel": "Microsoft-Windows-Sysmon/Operational",
      "Domain": "NT AUTHORITY",
      "EventID": 8,
      "EventReceivedTime": "2020-08-07 14:32:46",
      "EventTime": "2020-08-07 14:32:44",
      "EventType": "INFO",
      "ExecutionProcessID": 3284,
      "Hostname": "WORKSTATION5.theshire.local",
      "Keywords": -9223372036854775808,
      "Message": "CreateRemoteThread detected:\r\nRuleName: -\r\nUtcTime: 2020-08-07 18:32:44.767\r\nSourceProcessGuid: {297bc33e-9de2-5f2d-2208-000000000400}\r\nSourceProcessId: 6008\r\nSourceImage: C:\\Windows\\System32\\WindowsPowerShell\\v1.0\\powershell.exe\r\nTargetProcessGuid: {297bc33e-9db9-5f2d-1a08-000000000400}\r\nTargetProcessId: 2576\r\nTargetImage: C:\\Windows\\System32\\notepad.exe\r\nNewThreadId: 1096\r\nStartAddress: 0x000002AF644E0000\r\nStartModule: -\r\nStartFunction: -",
      "NewThreadId": "1096",
      "OpcodeValue": 0,
      "OriginalLogfile": "empire_psinject_PEinjection_2020-08-07143205.json",
      "ProcessId": "6008",
      "ProviderGuid": "{5770385F-C22A-43E0-BF4C-06F5698FFBD9}",
      "RecordNumber": 766640,
      "RuleName": "-",
      "Severity": "INFO",
      "SeverityValue": 2,
      "SourceImage": "C:\\Windows\\System32\\WindowsPowerShell\\v1.0\\powershell.exe",
      "SourceModuleName": "eventlog",
      "SourceModuleType": "im_msvistalog",
      "SourceName": "Microsoft-Windows-Sysmon",
      "SourceProcessId": "6008",
      "StartAddress": "0x000002AF644E0000",
      "StartFunction": "-",
      "StartModule": "-",
      "TargetImage": "C:\\Windows\\System32\\notepad.exe",
      "TargetProcessId": "2576",
      "Task": 8,
      "ThreadID": 4364,
      "UserID": "S-1-5-18",
      "UtcTime": "2020-08-07 18:32:44.767",
      "Version": "2",
      "host": "wec.internal.cloudapp.net",
      "port": 60122,
      "tags": "['mordorDataset']",
      "timestamp": "2020-08-07T18:32:46.087Z"
    },
    {
      "row_id": 1581,
      "AccountName": "SYSTEM",
      "AccountType": "User",
      "Channel": "Microsoft-Windows-Sysmon/Operational",
      "Domain": "NT AUTHORITY",
      "EventID": 8,
      "EventReceivedTime": "2020-08-07 14:32:46",
      "EventTime": "2020-08-07 14:32:44",
      "EventType": "INFO",
      "ExecutionProcessID": 3284,
      "Hostname": "WORKSTATION5.theshire.local",
      "Keywords": -9223372036854775808,
      "Message": "CreateRemoteThread detected:\r\nRuleName: -\r\nUtcTime: 2020-08-07 18:32:44.767\r\nSourceProcessGuid: {297bc33e-9de2-5f2d-2208-000000000400}\r\nSourceProcessId: 6008\r\nSourceImage: C:\\Windows\\System32\\WindowsPowerShell\\v1.0\\powershell.exe\r\nTargetProcessGuid: {297bc33e-9db9-5f2d-1a08-000000000400}\r\nTargetProcessId: 2576\r\nTargetImage: C:\\Windows\\System32\\notepad.exe\r\nNewThreadId: 6684\r\nStartAddress: 0x000002AF644E0000\r\nStartModule: -\r\nStartFunction: -",
      "NewThreadId": "6684",
      "OpcodeValue": 0,
      "OriginalLogfile": "empire_psinject_PEinjection_2020-08-07143205.json",
      "ProcessId": "6008",
      "ProviderGuid": "{5770385F-C22A-43E0-BF4C-06F5698FFBD9}",
      "RecordNumber": 766641,
      "RuleName": "-",
      "Severity": "INFO",
      "SeverityValue": 2,
      "SourceImage": "C:\\Windows\\System32\\WindowsPowerShell\\v1.0\\powershell.exe",
      "SourceModuleName": "eventlog",
      "SourceModuleType": "im_msvistalog",
      "SourceName": "Microsoft-Windows-Sysmon",
      "SourceProcessId": "6008",
      "StartAddress": "0x000002AF644E0000",
      "StartFunction": "-",
      "StartModule": "-",
      "TargetImage": "C:\\Windows\\System32\\notepad.exe",
      "TargetProcessId": "2576",
      "Task": 8,
      "ThreadID": 4364,
      "UserID": "S-1-5-18",
      "UtcTime": "2020-08-07 18:32:44.767",
      "Version": "2",
      "host": "wec.internal.cloudapp.net",
      "port": 60122,
      "tags": "['mordorDataset']",
      "timestamp": "2020-08-07T18:32:46.089Z"
    },
    {
      "row_id": 1582,
      "AccountName": "SYSTEM",
      "AccountType": "User",
      "Channel": "Microsoft-Windows-Sysmon/Operational",
      "Domain": "NT AUTHORITY",
      "EventID": 8,
      "EventReceivedTime": "2020-08-07 14:32:46",
      "EventTime": "2020-08-07 14:32:44",
      "EventType": "INFO",
      "ExecutionProcessID": 3284,
      "Hostname": "WORKSTATION5.theshire.local",
      "Keywords": -9223372036854775808,
      "Message": "CreateRemoteThread detected:\r\nRuleName: -\r\nUtcTime: 2020-08-07 18:32:44.783\r\nSourceProcessGuid: {297bc33e-9de2-5f2d-2208-000000000400}\r\nSourceProcessId: 6008\r\nSourceImage: C:\\Windows\\System32\\WindowsPowerShell\\v1.0\\powershell.exe\r\nTargetProcessGuid: {297bc33e-9db9-5f2d-1a08-000000000400}\r\nTargetProcessId: 2576\r\nTargetImage: C:\\Windows\\System32\\notepad.exe\r\nNewThreadId: 7548\r\nStartAddress: 0x000002AF644E0000\r\nStartModule: -\r\nStartFunction: -",
      "NewThreadId": "7548",
      "OpcodeValue": 0,
      "OriginalLogfile": "empire_psinject_PEinjection_2020-08-07143205.json",
      "ProcessId": "6008",
      "ProviderGuid": "{5770385F-C22A-43E0-BF4C-06F5698FFBD9}",
      "RecordNumber": 766642,
      "RuleName": "-",
      "Severity": "INFO",
      "SeverityValue": 2,
      "SourceImage": "C:\\Windows\\System32\\WindowsPowerShell\\v1.0\\powershell.exe",
      "SourceModuleName": "eventlog",
      "SourceModuleType": "im_msvistalog",
      "SourceName": "Microsoft-Windows-Sysmon",
      "SourceProcessId": "6008",
      "StartAddress": "0x000002AF644E0000",
      "StartFunction": "-",
      "StartModule": "-",
      "TargetImage": "C:\\Windows\\System32\\notepad.exe",
      "TargetProcessId": "2576",
      "Task": 8,
      "ThreadID": 4364,
      "UserID": "S-1-5-18",
      "UtcTime": "2020-08-07 18:32:44.783",
      "Version": "2",
      "host": "wec.internal.cloudapp.net",
      "port": 60122,
      "tags": "['mordorDataset']",
      "timestamp": "2020-08-07T18:32:46.089Z"
    },
    {
      "row_id": 1585,
      "AccountName": "SYSTEM",
      "AccountType": "User",
      "Channel": "Microsoft-Windows-Sysmon/Operational",
      "Domain": "NT AUTHORITY",
      "EventID": 8,
      "EventReceivedTime": "2020-08-07 14:32:46",
      "EventTime": "2020-08-07 14:32:44",
      "EventType": "INFO",
      "ExecutionProcessID": 3284,
      "Hostname": "WORKSTATION5.theshire.local",
      "Keywords": -9223372036854775808,
      "Message": "CreateRemoteThread detected:\r\nRuleName: -\r\nUtcTime: 2020-08-07 18:32:44.798\r\nSourceProcessGuid: {297bc33e-9de2-5f2d-2208-000000000400}\r\nSourceProcessId: 6008\r\nSourceImage: C:\\Windows\\System32\\WindowsPowerShell\\v1.0\\powershell.exe\r\nTargetProcessGuid: {297bc33e-9db9-5f2d-1a08-000000000400}\r\nTargetProcessId: 2576\r\nTargetImage: C:\\Windows\\System32\\notepad.exe\r\nNewThreadId: 6680\r\nStartAddress: 0x000002AF644E0000\r\nStartModule: -\r\nStartFunction: -",
      "NewThreadId": "6680",
      "OpcodeValue": 0,
      "OriginalLogfile": "empire_psinject_PEinjection_2020-08-07143205.json",
      "ProcessId": "6008",
      "ProviderGuid": "{5770385F-C22A-43E0-BF4C-06F5698FFBD9}",
      "RecordNumber": 766643,
      "RuleName": "-",
      "Severity": "INFO",
      "SeverityValue": 2,
      "SourceImage": "C:\\Windows\\System32\\WindowsPowerShell\\v1.0\\powershell.exe",
      "SourceModuleName": "eventlog",
      "SourceModuleType": "im_msvistalog",
      "SourceName": "Microsoft-Windows-Sysmon",
      "SourceProcessId": "6008",
      "StartAddress": "0x000002AF644E0000",
      "StartFunction": "-",
      "StartModule": "-",
      "TargetImage": "C:\\Windows\\System32\\notepad.exe",
      "TargetProcessId": "2576",
      "Task": 8,
      "ThreadID": 4364,
      "UserID": "S-1-5-18",
      "UtcTime": "2020-08-07 18:32:44.798",
      "Version": "2",
      "host": "wec.internal.cloudapp.net",
      "port": 60122,
      "tags": "['mordorDataset']",
      "timestamp": "2020-08-07T18:32:46.091Z"
    },
    {
      "row_id": 1587,
      "AccountName": "SYSTEM",
      "AccountType": "User",
      "Channel": "Microsoft-Windows-Sysmon/Operational",
      "Domain": "NT AUTHORITY",
      "EventID": 8,
      "EventReceivedTime": "2020-08-07 14:32:46",
      "EventTime": "2020-08-07 14:32:44",
      "EventType": "INFO",
      "ExecutionProcessID": 3284,
      "Hostname": "WORKSTATION5.theshire.local",
      "Keywords": -9223372036854775808,
      "Message": "CreateRemoteThread detected:\r\nRuleName: -\r\nUtcTime: 2020-08-07 18:32:44.830\r\nSourceProcessGuid: {297bc33e-9de2-5f2d-2208-000000000400}\r\nSourceProcessId: 6008\r\nSourceImage: C:\\Windows\\System32\\WindowsPowerShell\\v1.0\\powershell.exe\r\nTargetProcessGuid: {297bc33e-9db9-5f2d-1a08-000000000400}\r\nTargetProcessId: 2576\r\nTargetImage: C:\\Windows\\System32\\notepad.exe\r\nNewThreadId: 2684\r\nStartAddress: 0x000002AF644E0000\r\nStartModule: -\r\nStartFunction: -",
      "NewThreadId": "2684",
      "OpcodeValue": 0,
      "OriginalLogfile": "empire_psinject_PEinjection_2020-08-07143205.json",
      "ProcessId": "6008",
      "ProviderGuid": "{5770385F-C22A-43E0-BF4C-06F5698FFBD9}",
      "RecordNumber": 766644,
      "RuleName": "-",
      "Severity": "INFO",
      "SeverityValue": 2,
      "SourceImage": "C:\\Windows\\System32\\WindowsPowerShell\\v1.0\\powershell.exe",
      "SourceModuleName": "eventlog",
      "SourceModuleType": "im_msvistalog",
      "SourceName": "Microsoft-Windows-Sysmon",
      "SourceProcessId": "6008",
      "StartAddress": "0x000002AF644E0000",
      "StartFunction": "-",
      "StartModule": "-",
      "TargetImage": "C:\\Windows\\System32\\notepad.exe",
      "TargetProcessId": "2576",
      "Task": 8,
      "ThreadID": 4364,
      "UserID": "S-1-5-18",
      "UtcTime": "2020-08-07 18:32:44.830",
      "Version": "2",
      "host": "wec.internal.cloudapp.net",
      "port": 60122,
      "tags": "['mordorDataset']",
      "timestamp": "2020-08-07T18:32:46.093Z"
    },
    {
      "row_id": 1591,
      "AccountName": "SYSTEM",
      "AccountType": "User",
      "Channel": "Microsoft-Windows-Sysmon/Operational",
      "Domain": "NT AUTHORITY",
      "EventID": 8,
      "EventReceivedTime": "2020-08-07 14:32:46",
      "EventTime": "2020-08-07 14:32:44",
      "EventType": "INFO",
      "ExecutionProcessID": 3284,
      "Hostname": "WORKSTATION5.theshire.local",
      "Keywords": -9223372036854775808,
      "Message": "CreateRemoteThread detected:\r\nRuleName: -\r\nUtcTime: 2020-08-07 18:32:44.845\r\nSourceProcessGuid: {297bc33e-9de2-5f2d-2208-000000000400}\r\nSourceProcessId: 6008\r\nSourceImage: C:\\Windows\\System32\\WindowsPowerShell\\v1.0\\powershell.exe\r\nTargetProcessGuid: {297bc33e-9db9-5f2d-1a08-000000000400}\r\nTargetProcessId: 2576\r\nTargetImage: C:\\Windows\\System32\\notepad.exe\r\nNewThreadId: 2436\r\nStartAddress: 0x000002AF644E0000\r\nStartModule: -\r\nStartFunction: -",
      "NewThreadId": "2436",
      "OpcodeValue": 0,
      "OriginalLogfile": "empire_psinject_PEinjection_2020-08-07143205.json",
      "ProcessId": "6008",
      "ProviderGuid": "{5770385F-C22A-43E0-BF4C-06F5698FFBD9}",
      "RecordNumber": 766645,
      "RuleName": "-",
      "Severity": "INFO",
      "SeverityValue": 2,
      "SourceImage": "C:\\Windows\\System32\\WindowsPowerShell\\v1.0\\powershell.exe",
      "SourceModuleName": "eventlog",
      "SourceModuleType": "im_msvistalog",
      "SourceName": "Microsoft-Windows-Sysmon",
      "SourceProcessId": "6008",
      "StartAddress": "0x000002AF644E0000",
      "StartFunction": "-",
      "StartModule": "-",
      "TargetImage": "C:\\Windows\\System32\\notepad.exe",
      "TargetProcessId": "2576",
      "Task": 8,
      "ThreadID": 4364,
      "UserID": "S-1-5-18",
      "UtcTime": "2020-08-07 18:32:44.845",
      "Version": "2",
      "host": "wec.internal.cloudapp.net",
      "port": 60122,
      "tags": "['mordorDataset']",
      "timestamp": "2020-08-07T18:32:46.095Z"
    },
    {
      "row_id": 1593,
      "AccountName": "SYSTEM",
      "AccountType": "User",
      "Channel": "Microsoft-Windows-Sysmon/Operational",
      "Domain": "NT AUTHORITY",
      "EventID": 8,
      "EventReceivedTime": "2020-08-07 14:32:46",
      "EventTime": "2020-08-07 14:32:44",
      "EventType": "INFO",
      "ExecutionProcessID": 3284,
      "Hostname": "WORKSTATION5.theshire.local",
      "Keywords": -9223372036854775808,
      "Message": "CreateRemoteThread detected:\r\nRuleName: -\r\nUtcTime: 2020-08-07 18:32:44.845\r\nSourceProcessGuid: {297bc33e-9de2-5f2d-2208-000000000400}\r\nSourceProcessId: 6008\r\nSourceImage: C:\\Windows\\System32\\WindowsPowerShell\\v1.0\\powershell.exe\r\nTargetProcessGuid: {297bc33e-9db9-5f2d-1a08-000000000400}\r\nTargetProcessId: 2576\r\nTargetImage: C:\\Windows\\System32\\notepad.exe\r\nNewThreadId: 6056\r\nStartAddress: 0x000002AF644E0000\r\nStartModule: -\r\nStartFunction: -",
      "NewThreadId": "6056",
      "OpcodeValue": 0,
      "OriginalLogfile": "empire_psinject_PEinjection_2020-08-07143205.json",
      "ProcessId": "6008",
      "ProviderGuid": "{5770385F-C22A-43E0-BF4C-06F5698FFBD9}",
      "RecordNumber": 766646,
      "RuleName": "-",
      "Severity": "INFO",
      "SeverityValue": 2,
      "SourceImage": "C:\\Windows\\System32\\WindowsPowerShell\\v1.0\\powershell.exe",
      "SourceModuleName": "eventlog",
      "SourceModuleType": "im_msvistalog",
      "SourceName": "Microsoft-Windows-Sysmon",
      "SourceProcessId": "6008",
      "StartAddress": "0x000002AF644E0000",
      "StartFunction": "-",
      "StartModule": "-",
      "TargetImage": "C:\\Windows\\System32\\notepad.exe",
      "TargetProcessId": "2576",
      "Task": 8,
      "ThreadID": 4364,
      "UserID": "S-1-5-18",
      "UtcTime": "2020-08-07 18:32:44.845",
      "Version": "2",
      "host": "wec.internal.cloudapp.net",
      "port": 60122,
      "tags": "['mordorDataset']",
      "timestamp": "2020-08-07T18:32:46.096Z"
    },
    {
      "row_id": 1597,
      "AccountName": "SYSTEM",
      "AccountType": "User",
      "Channel": "Microsoft-Windows-Sysmon/Operational",
      "Domain": "NT AUTHORITY",
      "EventID": 8,
      "EventReceivedTime": "2020-08-07 14:32:46",
      "EventTime": "2020-08-07 14:32:44",
      "EventType": "INFO",
      "ExecutionProcessID": 3284,
      "Hostname": "WORKSTATION5.theshire.local",
      "Keywords": -9223372036854775808,
      "Message": "CreateRemoteThread detected:\r\nRuleName: -\r\nUtcTime: 2020-08-07 18:32:44.861\r\nSourceProcessGuid: {297bc33e-9de2-5f2d-2208-000000000400}\r\nSourceProcessId: 6008\r\nSourceImage: C:\\Windows\\System32\\WindowsPowerShell\\v1.0\\powershell.exe\r\nTargetProcessGuid: {297bc33e-9db9-5f2d-1a08-000000000400}\r\nTargetProcessId: 2576\r\nTargetImage: C:\\Windows\\System32\\notepad.exe\r\nNewThreadId: 6784\r\nStartAddress: 0x000002AF644E0000\r\nStartModule: -\r\nStartFunction: -",
      "NewThreadId": "6784",
      "OpcodeValue": 0,
      "OriginalLogfile": "empire_psinject_PEinjection_2020-08-07143205.json",
      "ProcessId": "6008",
      "ProviderGuid": "{5770385F-C22A-43E0-BF4C-06F5698FFBD9}",
      "RecordNumber": 766647,
      "RuleName": "-",
      "Severity": "INFO",
      "SeverityValue": 2,
      "SourceImage": "C:\\Windows\\System32\\WindowsPowerShell\\v1.0\\powershell.exe",
      "SourceModuleName": "eventlog",
      "SourceModuleType": "im_msvistalog",
      "SourceName": "Microsoft-Windows-Sysmon",
      "SourceProcessId": "6008",
      "StartAddress": "0x000002AF644E0000",
      "StartFunction": "-",
      "StartModule": "-",
      "TargetImage": "C:\\Windows\\System32\\notepad.exe",
      "TargetProcessId": "2576",
      "Task": 8,
      "ThreadID": 4364,
      "UserID": "S-1-5-18",
      "UtcTime": "2020-08-07 18:32:44.861",
      "Version": "2",
      "host": "wec.internal.cloudapp.net",
      "port": 60122,
      "tags": "['mordorDataset']",
      "timestamp": "2020-08-07T18:32:46.099Z"
    },
    {
      "row_id": 1599,
      "AccountName": "SYSTEM",
      "AccountType": "User",
      "Channel": "Microsoft-Windows-Sysmon/Operational",
      "Domain": "NT AUTHORITY",
      "EventID": 8,
      "EventReceivedTime": "2020-08-07 14:32:46",
      "EventTime": "2020-08-07 14:32:44",
      "EventType": "INFO",
      "ExecutionProcessID": 3284,
      "Hostname": "WORKSTATION5.theshire.local",
      "Keywords": -9223372036854775808,
      "Message": "CreateRemoteThread detected:\r\nRuleName: -\r\nUtcTime: 2020-08-07 18:32:44.861\r\nSourceProcessGuid: {297bc33e-9de2-5f2d-2208-000000000400}\r\nSourceProcessId: 6008\r\nSourceImage: C:\\Windows\\System32\\WindowsPowerShell\\v1.0\\powershell.exe\r\nTargetProcessGuid: {297bc33e-9db9-5f2d-1a08-000000000400}\r\nTargetProcessId: 2576\r\nTargetImage: C:\\Windows\\System32\\notepad.exe\r\nNewThreadId: 8680\r\nStartAddress: 0x000002AF644E0000\r\nStartModule: -\r\nStartFunction: -",
      "NewThreadId": "8680",
      "OpcodeValue": 0,
      "OriginalLogfile": "empire_psinject_PEinjection_2020-08-07143205.json",
      "ProcessId": "6008",
      "ProviderGuid": "{5770385F-C22A-43E0-BF4C-06F5698FFBD9}",
      "RecordNumber": 766648,
      "RuleName": "-",
      "Severity": "INFO",
      "SeverityValue": 2,
      "SourceImage": "C:\\Windows\\System32\\WindowsPowerShell\\v1.0\\powershell.exe",
      "SourceModuleName": "eventlog",
      "SourceModuleType": "im_msvistalog",
      "SourceName": "Microsoft-Windows-Sysmon",
      "SourceProcessId": "6008",
      "StartAddress": "0x000002AF644E0000",
      "StartFunction": "-",
      "StartModule": "-",
      "TargetImage": "C:\\Windows\\System32\\notepad.exe",
      "TargetProcessId": "2576",
      "Task": 8,
      "ThreadID": 4364,
      "UserID": "S-1-5-18",
      "UtcTime": "2020-08-07 18:32:44.861",
      "Version": "2",
      "host": "wec.internal.cloudapp.net",
      "port": 60122,
      "tags": "['mordorDataset']",
      "timestamp": "2020-08-07T18:32:46.099Z"
    },
    {
      "row_id": 1601,
      "AccountName": "SYSTEM",
      "AccountType": "User",
      "Channel": "Microsoft-Windows-Sysmon/Operational",
      "Domain": "NT AUTHORITY",
      "EventID": 8,
      "EventReceivedTime": "2020-08-07 14:32:46",
      "EventTime": "2020-08-07 14:32:44",
      "EventType": "INFO",
      "ExecutionProcessID": 3284,
      "Hostname": "WORKSTATION5.theshire.local",
      "Keywords": -9223372036854775808,
      "Message": "CreateRemoteThread detected:\r\nRuleName: -\r\nUtcTime: 2020-08-07 18:32:44.876\r\nSourceProcessGuid: {297bc33e-9de2-5f2d-2208-000000000400}\r\nSourceProcessId: 6008\r\nSourceImage: C:\\Windows\\System32\\WindowsPowerShell\\v1.0\\powershell.exe\r\nTargetProcessGuid: {297bc33e-9db9-5f2d-1a08-000000000400}\r\nTargetProcessId: 2576\r\nTargetImage: C:\\Windows\\System32\\notepad.exe\r\nNewThreadId: 3232\r\nStartAddress: 0x000002AF644E0000\r\nStartModule: -\r\nStartFunction: -",
      "NewThreadId": "3232",
      "OpcodeValue": 0,
      "OriginalLogfile": "empire_psinject_PEinjection_2020-08-07143205.json",
      "ProcessId": "6008",
      "ProviderGuid": "{5770385F-C22A-43E0-BF4C-06F5698FFBD9}",
      "RecordNumber": 766649,
      "RuleName": "-",
      "Severity": "INFO",
      "SeverityValue": 2,
      "SourceImage": "C:\\Windows\\System32\\WindowsPowerShell\\v1.0\\powershell.exe",
      "SourceModuleName": "eventlog",
      "SourceModuleType": "im_msvistalog",
      "SourceName": "Microsoft-Windows-Sysmon",
      "SourceProcessId": "6008",
      "StartAddress": "0x000002AF644E0000",
      "StartFunction": "-",
      "StartModule": "-",
      "TargetImage": "C:\\Windows\\System32\\notepad.exe",
      "TargetProcessId": "2576",
      "Task": 8,
      "ThreadID": 4364,
      "UserID": "S-1-5-18",
      "UtcTime": "2020-08-07 18:32:44.876",
      "Version": "2",
      "host": "wec.internal.cloudapp.net",
      "port": 60122,
      "tags": "['mordorDataset']",
      "timestamp": "2020-08-07T18:32:46.100Z"
    },
    {
      "row_id": 1604,
      "AccountName": "SYSTEM",
      "AccountType": "User",
      "Channel": "Microsoft-Windows-Sysmon/Operational",
      "Domain": "NT AUTHORITY",
      "EventID": 8,
      "EventReceivedTime": "2020-08-07 14:32:46",
      "EventTime": "2020-08-07 14:32:44",
      "EventType": "INFO",
      "ExecutionProcessID": 3284,
      "Hostname": "WORKSTATION5.theshire.local",
      "Keywords": -9223372036854775808,
      "Message": "CreateRemoteThread detected:\r\nRuleName: -\r\nUtcTime: 2020-08-07 18:32:44.939\r\nSourceProcessGuid: {297bc33e-9de2-5f2d-2208-000000000400}\r\nSourceProcessId: 6008\r\nSourceImage: C:\\Windows\\System32\\WindowsPowerShell\\v1.0\\powershell.exe\r\nTargetProcessGuid: {297bc33e-9db9-5f2d-1a08-000000000400}\r\nTargetProcessId: 2576\r\nTargetImage: C:\\Windows\\System32\\notepad.exe\r\nNewThreadId: 1152\r\nStartAddress: 0x000002AF644E0000\r\nStartModule: -\r\nStartFunction: -",
      "NewThreadId": "1152",
      "OpcodeValue": 0,
      "OriginalLogfile": "empire_psinject_PEinjection_2020-08-07143205.json",
      "ProcessId": "6008",
      "ProviderGuid": "{5770385F-C22A-43E0-BF4C-06F5698FFBD9}",
      "RecordNumber": 766650,
      "RuleName": "-",
      "Severity": "INFO",
      "SeverityValue": 2,
      "SourceImage": "C:\\Windows\\System32\\WindowsPowerShell\\v1.0\\powershell.exe",
      "SourceModuleName": "eventlog",
      "SourceModuleType": "im_msvistalog",
      "SourceName": "Microsoft-Windows-Sysmon",
      "SourceProcessId": "6008",
      "StartAddress": "0x000002AF644E0000",
      "StartFunction": "-",
      "StartModule": "-",
      "TargetImage": "C:\\Windows\\System32\\notepad.exe",
      "TargetProcessId": "2576",
      "Task": 8,
      "ThreadID": 4364,
      "UserID": "S-1-5-18",
      "UtcTime": "2020-08-07 18:32:44.939",
      "Version": "2",
      "host": "wec.internal.cloudapp.net",
      "port": 60122,
      "tags": "['mordorDataset']",
      "timestamp": "2020-08-07T18:32:46.106Z"
    },
    {
      "row_id": 1607,
      "AccountName": "SYSTEM",
      "AccountType": "User",
      "Channel": "Microsoft-Windows-Sysmon/Operational",
      "Domain": "NT AUTHORITY",
      "EventID": 8,
      "EventReceivedTime": "2020-08-07 14:32:46",
      "EventTime": "2020-08-07 14:32:45",
      "EventType": "INFO",
      "ExecutionProcessID": 3284,
      "Hostname": "WORKSTATION5.theshire.local",
      "Keywords": -9223372036854775808,
      "Message": "CreateRemoteThread detected:\r\nRuleName: -\r\nUtcTime: 2020-08-07 18:32:44.986\r\nSourceProcessGuid: {297bc33e-9de2-5f2d-2208-000000000400}\r\nSourceProcessId: 6008\r\nSourceImage: C:\\Windows\\System32\\WindowsPowerShell\\v1.0\\powershell.exe\r\nTargetProcessGuid: {297bc33e-9db9-5f2d-1a08-000000000400}\r\nTargetProcessId: 2576\r\nTargetImage: C:\\Windows\\System32\\notepad.exe\r\nNewThreadId: 8208\r\nStartAddress: 0x000002AF644E0000\r\nStartModule: -\r\nStartFunction: -",
      "NewThreadId": "8208",
      "OpcodeValue": 0,
      "OriginalLogfile": "empire_psinject_PEinjection_2020-08-07143205.json",
      "ProcessId": "6008",
      "ProviderGuid": "{5770385F-C22A-43E0-BF4C-06F5698FFBD9}",
      "RecordNumber": 766651,
      "RuleName": "-",
      "Severity": "INFO",
      "SeverityValue": 2,
      "SourceImage": "C:\\Windows\\System32\\WindowsPowerShell\\v1.0\\powershell.exe",
      "SourceModuleName": "eventlog",
      "SourceModuleType": "im_msvistalog",
      "SourceName": "Microsoft-Windows-Sysmon",
      "SourceProcessId": "6008",
      "StartAddress": "0x000002AF644E0000",
      "StartFunction": "-",
      "StartModule": "-",
      "TargetImage": "C:\\Windows\\System32\\notepad.exe",
      "TargetProcessId": "2576",
      "Task": 8,
      "ThreadID": 4364,
      "UserID": "S-1-5-18",
      "UtcTime": "2020-08-07 18:32:44.986",
      "Version": "2",
      "host": "wec.internal.cloudapp.net",
      "port": 60122,
      "tags": "['mordorDataset']",
      "timestamp": "2020-08-07T18:32:46.108Z"
    },
    {
      "row_id": 1610,
      "AccountName": "SYSTEM",
      "AccountType": "User",
      "Channel": "Microsoft-Windows-Sysmon/Operational",
      "Domain": "NT AUTHORITY",
      "EventID": 8,
      "EventReceivedTime": "2020-08-07 14:32:46",
      "EventTime": "2020-08-07 14:32:45",
      "EventType": "INFO",
      "ExecutionProcessID": 3284,
      "Hostname": "WORKSTATION5.theshire.local",
      "Keywords": -9223372036854775808,
      "Message": "CreateRemoteThread detected:\r\nRuleName: -\r\nUtcTime: 2020-08-07 18:32:45.017\r\nSourceProcessGuid: {297bc33e-9de2-5f2d-2208-000000000400}\r\nSourceProcessId: 6008\r\nSourceImage: C:\\Windows\\System32\\WindowsPowerShell\\v1.0\\powershell.exe\r\nTargetProcessGuid: {297bc33e-9db9-5f2d-1a08-000000000400}\r\nTargetProcessId: 2576\r\nTargetImage: C:\\Windows\\System32\\notepad.exe\r\nNewThreadId: 4756\r\nStartAddress: 0x000002AF644E0000\r\nStartModule: -\r\nStartFunction: -",
      "NewThreadId": "4756",
      "OpcodeValue": 0,
      "OriginalLogfile": "empire_psinject_PEinjection_2020-08-07143205.json",
      "ProcessId": "6008",
      "ProviderGuid": "{5770385F-C22A-43E0-BF4C-06F5698FFBD9}",
      "RecordNumber": 766652,
      "RuleName": "-",
      "Severity": "INFO",
      "SeverityValue": 2,
      "SourceImage": "C:\\Windows\\System32\\WindowsPowerShell\\v1.0\\powershell.exe",
      "SourceModuleName": "eventlog",
      "SourceModuleType": "im_msvistalog",
      "SourceName": "Microsoft-Windows-Sysmon",
      "SourceProcessId": "6008",
      "StartAddress": "0x000002AF644E0000",
      "StartFunction": "-",
      "StartModule": "-",
      "TargetImage": "C:\\Windows\\System32\\notepad.exe",
      "TargetProcessId": "2576",
      "Task": 8,
      "ThreadID": 4364,
      "UserID": "S-1-5-18",
      "UtcTime": "2020-08-07 18:32:45.017",
      "Version": "2",
      "host": "wec.internal.cloudapp.net",
      "port": 60122,
      "tags": "['mordorDataset']",
      "timestamp": "2020-08-07T18:32:46.109Z"
    },
    {
      "row_id": 1612,
      "AccountName": "SYSTEM",
      "AccountType": "User",
      "Channel": "Microsoft-Windows-Sysmon/Operational",
      "Domain": "NT AUTHORITY",
      "EventID": 8,
      "EventReceivedTime": "2020-08-07 14:32:46",
      "EventTime": "2020-08-07 14:32:45",
      "EventType": "INFO",
      "ExecutionProcessID": 3284,
      "Hostname": "WORKSTATION5.theshire.local",
      "Keywords": -9223372036854775808,
      "Message": "CreateRemoteThread detected:\r\nRuleName: -\r\nUtcTime: 2020-08-07 18:32:45.017\r\nSourceProcessGuid: {297bc33e-9de2-5f2d-2208-000000000400}\r\nSourceProcessId: 6008\r\nSourceImage: C:\\Windows\\System32\\WindowsPowerShell\\v1.0\\powershell.exe\r\nTargetProcessGuid: {297bc33e-9db9-5f2d-1a08-000000000400}\r\nTargetProcessId: 2576\r\nTargetImage: C:\\Windows\\System32\\notepad.exe\r\nNewThreadId: 1840\r\nStartAddress: 0x000002AF644E0000\r\nStartModule: -\r\nStartFunction: -",
      "NewThreadId": "1840",
      "OpcodeValue": 0,
      "OriginalLogfile": "empire_psinject_PEinjection_2020-08-07143205.json",
      "ProcessId": "6008",
      "ProviderGuid": "{5770385F-C22A-43E0-BF4C-06F5698FFBD9}",
      "RecordNumber": 766653,
      "RuleName": "-",
      "Severity": "INFO",
      "SeverityValue": 2,
      "SourceImage": "C:\\Windows\\System32\\WindowsPowerShell\\v1.0\\powershell.exe",
      "SourceModuleName": "eventlog",
      "SourceModuleType": "im_msvistalog",
      "SourceName": "Microsoft-Windows-Sysmon",
      "SourceProcessId": "6008",
      "StartAddress": "0x000002AF644E0000",
      "StartFunction": "-",
      "StartModule": "-",
      "TargetImage": "C:\\Windows\\System32\\notepad.exe",
      "TargetProcessId": "2576",
      "Task": 8,
      "ThreadID": 4364,
      "UserID": "S-1-5-18",
      "UtcTime": "2020-08-07 18:32:45.017",
      "Version": "2",
      "host": "wec.internal.cloudapp.net",
      "port": 60122,
      "tags": "['mordorDataset']",
      "timestamp": "2020-08-07T18:32:46.111Z"
    },
    {
      "row_id": 1614,
      "AccountName": "SYSTEM",
      "AccountType": "User",
      "Channel": "Microsoft-Windows-Sysmon/Operational",
      "Domain": "NT AUTHORITY",
      "EventID": 8,
      "EventReceivedTime": "2020-08-07 14:32:46",
      "EventTime": "2020-08-07 14:32:45",
      "EventType": "INFO",
      "ExecutionProcessID": 3284,
      "Hostname": "WORKSTATION5.theshire.local",
      "Keywords": -9223372036854775808,
      "Message": "CreateRemoteThread detected:\r\nRuleName: -\r\nUtcTime: 2020-08-07 18:32:45.033\r\nSourceProcessGuid: {297bc33e-9de2-5f2d-2208-000000000400}\r\nSourceProcessId: 6008\r\nSourceImage: C:\\Windows\\System32\\WindowsPowerShell\\v1.0\\powershell.exe\r\nTargetProcessGuid: {297bc33e-9db9-5f2d-1a08-000000000400}\r\nTargetProcessId: 2576\r\nTargetImage: C:\\Windows\\System32\\notepad.exe\r\nNewThreadId: 4548\r\nStartAddress: 0x000002AF644E0000\r\nStartModule: -\r\nStartFunction: -",
      "NewThreadId": "4548",
      "OpcodeValue": 0,
      "OriginalLogfile": "empire_psinject_PEinjection_2020-08-07143205.json",
      "ProcessId": "6008",
      "ProviderGuid": "{5770385F-C22A-43E0-BF4C-06F5698FFBD9}",
      "RecordNumber": 766654,
      "RuleName": "-",
      "Severity": "INFO",
      "SeverityValue": 2,
      "SourceImage": "C:\\Windows\\System32\\WindowsPowerShell\\v1.0\\powershell.exe",
      "SourceModuleName": "eventlog",
      "SourceModuleType": "im_msvistalog",
      "SourceName": "Microsoft-Windows-Sysmon",
      "SourceProcessId": "6008",
      "StartAddress": "0x000002AF644E0000",
      "StartFunction": "-",
      "StartModule": "-",
      "TargetImage": "C:\\Windows\\System32\\notepad.exe",
      "TargetProcessId": "2576",
      "Task": 8,
      "ThreadID": 4364,
      "UserID": "S-1-5-18",
      "UtcTime": "2020-08-07 18:32:45.033",
      "Version": "2",
      "host": "wec.internal.cloudapp.net",
      "port": 60122,
      "tags": "['mordorDataset']",
      "timestamp": "2020-08-07T18:32:46.112Z"
    },
    {
      "row_id": 1617,
      "AccountName": "SYSTEM",
      "AccountType": "User",
      "Channel": "Microsoft-Windows-Sysmon/Operational",
      "Domain": "NT AUTHORITY",
      "EventID": 8,
      "EventReceivedTime": "2020-08-07 14:32:46",
      "EventTime": "2020-08-07 14:32:45",
      "EventType": "INFO",
      "ExecutionProcessID": 3284,
      "Hostname": "WORKSTATION5.theshire.local",
      "Keywords": -9223372036854775808,
      "Message": "CreateRemoteThread detected:\r\nRuleName: -\r\nUtcTime: 2020-08-07 18:32:45.048\r\nSourceProcessGuid: {297bc33e-9de2-5f2d-2208-000000000400}\r\nSourceProcessId: 6008\r\nSourceImage: C:\\Windows\\System32\\WindowsPowerShell\\v1.0\\powershell.exe\r\nTargetProcessGuid: {297bc33e-9db9-5f2d-1a08-000000000400}\r\nTargetProcessId: 2576\r\nTargetImage: C:\\Windows\\System32\\notepad.exe\r\nNewThreadId: 3856\r\nStartAddress: 0x000002AF644E0000\r\nStartModule: -\r\nStartFunction: -",
      "NewThreadId": "3856",
      "OpcodeValue": 0,
      "OriginalLogfile": "empire_psinject_PEinjection_2020-08-07143205.json",
      "ProcessId": "6008",
      "ProviderGuid": "{5770385F-C22A-43E0-BF4C-06F5698FFBD9}",
      "RecordNumber": 766655,
      "RuleName": "-",
      "Severity": "INFO",
      "SeverityValue": 2,
      "SourceImage": "C:\\Windows\\System32\\WindowsPowerShell\\v1.0\\powershell.exe",
      "SourceModuleName": "eventlog",
      "SourceModuleType": "im_msvistalog",
      "SourceName": "Microsoft-Windows-Sysmon",
      "SourceProcessId": "6008",
      "StartAddress": "0x000002AF644E0000",
      "StartFunction": "-",
      "StartModule": "-",
      "TargetImage": "C:\\Windows\\System32\\notepad.exe",
      "TargetProcessId": "2576",
      "Task": 8,
      "ThreadID": 4364,
      "UserID": "S-1-5-18",
      "UtcTime": "2020-08-07 18:32:45.048",
      "Version": "2",
      "host": "wec.internal.cloudapp.net",
      "port": 60122,
      "tags": "['mordorDataset']",
      "timestamp": "2020-08-07T18:32:46.113Z"
    },
